#
# There is insufficient memory for the Java Runtime Environment to continue.
# Native memory allocation (mmap) failed to map 5242880 bytes for Failed to commit area from 0x00000000c7000000 to 0x00000000c7500000 of length 5242880.
# Possible reasons:
#   The system is out of physical RAM or swap space
#   The process is running with CompressedOops enabled, and the Java Heap may be blocking the growth of the native heap
# Possible solutions:
#   Reduce memory load on the system
#   Increase physical memory or swap space
#   Check if swap backing store is full
#   Decrease Java heap size (-Xmx/-Xms)
#   Decrease number of Java threads
#   Decrease Java thread stack sizes (-Xss)
#   Set larger code cache with -XX:ReservedCodeCacheSize=
#   JVM is running with Unscaled Compressed Oops mode in which the Java heap is
#     placed in the first 4GB address space. The Java Heap base address is the
#     maximum limit for the native heap growth. Please use -XX:HeapBaseMinAddress
#     to set the Java Heap base and to place the Java Heap above 4GB virtual address.
# This output file may be truncated or incomplete.
#
#  Out of Memory Error (t:/workspace/open/src/hotspot/os/windows/os_windows.cpp:3301), pid=5804, tid=15568
#
# JRE version: Java(TM) SE Runtime Environment (13.0.2+8) (build 13.0.2+8)
# Java VM: Java HotSpot(TM) 64-Bit Server VM (13.0.2+8, mixed mode, sharing, tiered, compressed oops, g1 gc, windows-amd64)
# No core dump will be written. Minidumps are not enabled by default on client versions of Windows
#

---------------  S U M M A R Y ------------

Command Line: -Dfile.encoding=Cp1252 --module-path=C:\temporal\App Cafeteria\librerias\mysql-connector-java-5.1.48.jar;C:\temporal\App Cafeteria\librerias\libreriaSalidas.jar;C:\temporal\App Cafeteria\librerias\Utileria.jar;C:\temporal\App Cafeteria\librerias\jcalendar-1.2.2.jar vista.VentanaPrueba

Host: AMD A9-9425 RADEON R5, 5 COMPUTE CORES 2C+3G   , 2 cores, 3G,  Windows 10 , 64 bit Build 19041 (10.0.19041.662)
Time: Mon Jan 25 01:56:26 2021 Hora estándar central (México) elapsed time: 245 seconds (0d 0h 4m 5s)

---------------  T H R E A D  ---------------

Current thread (0x000002b8682cb800):  VMThread "VM Thread" [stack: 0x000000c9ed700000,0x000000c9ed800000] [id=15568]

Stack: [0x000000c9ed700000,0x000000c9ed800000]
[error occurred during error reporting (printing stack bounds), id 0xc0000005, EXCEPTION_ACCESS_VIOLATION (0xc0000005) at pc=0x000002b8000010ad]

Native frames: (J=compiled Java code, j=interpreted, Vv=VM code, C=native code)
V  [jvm.dll+0x624f9a]
V  [jvm.dll+0x770cfa]
V  [jvm.dll+0x7724af]
V  [jvm.dll+0x772a15]
V  [jvm.dll+0x7729cb]
V  [jvm.dll+0x6244df]
C  [ntdll.dll+0x783dc]
C  [ntdll.dll+0x4b406]
C  [ntdll.dll+0x9fe3e]
C  0x000002b8000010ad

VM_Operation (0x000000c9ed3ffa10): G1Concurrent, mode: safepoint, requested by thread 0x000002b868262000


---------------  P R O C E S S  ---------------

Threads class SMR info:
_java_thread_list=0x000002b8784c8e70, length=16, elements={
0x000002b876d29800, 0x000002b876d31800, 0x000002b876d49000, 0x000002b876d4b800,
0x000002b876d4c800, 0x000002b876db9800, 0x000002b8776f0800, 0x000002b87779f000,
0x000002b877939000, 0x000002b877a33000, 0x000002b877a34000, 0x000002b877a35800,
0x000002b877a5f800, 0x000002b868228000, 0x000002b8779c6800, 0x000002b87e303800
}

Java Threads: ( => current thread )
  0x000002b876d29800 JavaThread "Reference Handler" daemon [_thread_blocked, id=13364, stack(0x000000c9ed800000,0x000000c9ed900000)]
  0x000002b876d31800 JavaThread "Finalizer" daemon [_thread_blocked, id=15684, stack(0x000000c9ed900000,0x000000c9eda00000)]
  0x000002b876d49000 JavaThread "Signal Dispatcher" daemon [_thread_blocked, id=15616, stack(0x000000c9eda00000,0x000000c9edb00000)]
  0x000002b876d4b800 JavaThread "Attach Listener" daemon [_thread_blocked, id=9096, stack(0x000000c9edb00000,0x000000c9edc00000)]
  0x000002b876d4c800 JavaThread "C2 CompilerThread0" daemon [_thread_blocked, id=17372, stack(0x000000c9edc00000,0x000000c9edd00000)]
  0x000002b876db9800 JavaThread "C1 CompilerThread0" daemon [_thread_blocked, id=13384, stack(0x000000c9edd00000,0x000000c9ede00000)]
  0x000002b8776f0800 JavaThread "Sweeper thread" daemon [_thread_blocked, id=1208, stack(0x000000c9ede00000,0x000000c9edf00000)]
  0x000002b87779f000 JavaThread "Common-Cleaner" daemon [_thread_blocked, id=1588, stack(0x000000c9edf00000,0x000000c9ee000000)]
  0x000002b877939000 JavaThread "Service Thread" daemon [_thread_blocked, id=14724, stack(0x000000c9ee000000,0x000000c9ee100000)]
  0x000002b877a33000 JavaThread "Java2D Disposer" daemon [_thread_blocked, id=8672, stack(0x000000c9ee200000,0x000000c9ee300000)]
  0x000002b877a34000 JavaThread "AWT-Shutdown" [_thread_blocked, id=13824, stack(0x000000c9ee300000,0x000000c9ee400000)]
  0x000002b877a35800 JavaThread "AWT-Windows" daemon [_thread_in_native, id=15828, stack(0x000000c9ee400000,0x000000c9ee500000)]
  0x000002b877a5f800 JavaThread "AWT-EventQueue-0" [_thread_in_native, id=16660, stack(0x000000c9ee500000,0x000000c9ee600000)]
  0x000002b868228000 JavaThread "DestroyJavaVM" [_thread_blocked, id=16156, stack(0x000000c9ed100000,0x000000c9ed200000)]
  0x000002b8779c6800 JavaThread "D3D Screen Updater" daemon [_thread_blocked, id=15620, stack(0x000000c9ef200000,0x000000c9ef300000)]
  0x000002b87e303800 JavaThread "mysql-cj-abandoned-connection-cleanup" daemon [_thread_blocked, id=11184, stack(0x000000c9eef00000,0x000000c9ef000000)]

Other Threads:
=>0x000002b8682cb800 VMThread "VM Thread" [stack: 0x000000c9ed700000,0x000000c9ed800000] [id=15568]
  0x000002b87783b000 WatcherThread [stack: 0x000000c9ee100000,0x000000c9ee200000] [id=9204]
  0x000002b868258800 GCTaskThread "GC Thread#0" [stack: 0x000000c9ed200000,0x000000c9ed300000] [id=16800]
  0x000002b878078000 GCTaskThread "GC Thread#1" [stack: 0x000000c9eed00000,0x000000c9eee00000] [id=5528]
  0x000002b868262000 ConcurrentGCThread "G1 Main Marker" [stack: 0x000000c9ed300000,0x000000c9ed400000] [id=8920]
  0x000002b868264000 ConcurrentGCThread "G1 Conc#0" [stack: 0x000000c9ed400000,0x000000c9ed500000] [id=11824]
  0x000002b8682b3800 ConcurrentGCThread "G1 Refine#0" [stack: 0x000000c9ed500000,0x000000c9ed600000] [id=2564]
  0x000002b8777bb800 ConcurrentGCThread "G1 Refine#1" [stack: 0x000000c9eee00000,0x000000c9eef00000] [id=11964]
  0x000002b8682b5000 ConcurrentGCThread "G1 Young RemSet Sampling" [stack: 0x000000c9ed600000,0x000000c9ed700000] [id=13644]

Threads with active compile tasks:

VM state:at safepoint (normal execution)

VM Mutex/Monitor currently owned by a thread:  ([mutex/lock_event])
[0x000002b868223130] Threads_lock - owner thread: 0x000002b8682cb800
[0x000002b868224690] Heap_lock - owner thread: 0x000002b868262000

Heap address: 0x00000000c1c00000, size: 996 MB, Compressed Oops mode: 32-bit
Narrow klass base: 0x0000000800000000, Narrow klass shift: 3
Compressed class space size: 1073741824 Address: 0x0000000800b40000

Heap:
 garbage-first heap   total 91136K, used 52456K [0x00000000c1c00000, 0x0000000100000000)
  region size 1024K, 2 young (2048K), 1 survivors (1024K)
 Metaspace       used 20744K, capacity 21225K, committed 21552K, reserved 1069056K
  class space    used 2412K, capacity 2585K, committed 2688K, reserved 1048576K
Heap Regions: E=young(eden), S=young(survivor), O=old, HS=humongous(starts), HC=humongous(continues), CS=collection set, F=free, A=archive, TAMS=top-at-mark-start (previous, next)
|   0|0x00000000c1c00000, 0x00000000c1d00000, 0x00000000c1d00000|100%|HS|  |TAMS 0x00000000c1d00000, 0x00000000c1c00000| Complete 
|   1|0x00000000c1d00000, 0x00000000c1e00000, 0x00000000c1e00000|100%|HC|  |TAMS 0x00000000c1e00000, 0x00000000c1d00000| Complete 
|   2|0x00000000c1e00000, 0x00000000c1f00000, 0x00000000c1f00000|100%|HC|  |TAMS 0x00000000c1f00000, 0x00000000c1e00000| Complete 
|   3|0x00000000c1f00000, 0x00000000c2000000, 0x00000000c2000000|100%|HC|  |TAMS 0x00000000c2000000, 0x00000000c1f00000| Complete 
|   4|0x00000000c2000000, 0x00000000c2100000, 0x00000000c2100000|100%| O|  |TAMS 0x00000000c2100000, 0x00000000c2000000| Updating 
|   5|0x00000000c2100000, 0x00000000c2200000, 0x00000000c2200000|100%| O|  |TAMS 0x00000000c2200000, 0x00000000c2100000| Updating 
|   6|0x00000000c2200000, 0x00000000c2300000, 0x00000000c2300000|100%|HS|  |TAMS 0x00000000c2300000, 0x00000000c2200000| Complete 
|   7|0x00000000c2300000, 0x00000000c2400000, 0x00000000c2400000|100%|HC|  |TAMS 0x00000000c2400000, 0x00000000c2300000| Complete 
|   8|0x00000000c2400000, 0x00000000c2500000, 0x00000000c2500000|100%|HC|  |TAMS 0x00000000c2500000, 0x00000000c2400000| Complete 
|   9|0x00000000c2500000, 0x00000000c2600000, 0x00000000c2600000|100%| O|  |TAMS 0x00000000c2600000, 0x00000000c2500000| Updating 
|  10|0x00000000c2600000, 0x00000000c2700000, 0x00000000c2700000|100%|HS|  |TAMS 0x00000000c2700000, 0x00000000c2600000| Complete 
|  11|0x00000000c2700000, 0x00000000c2800000, 0x00000000c2800000|100%|HC|  |TAMS 0x00000000c2800000, 0x00000000c2700000| Complete 
|  12|0x00000000c2800000, 0x00000000c2900000, 0x00000000c2900000|100%|HC|  |TAMS 0x00000000c2900000, 0x00000000c2800000| Complete 
|  13|0x00000000c2900000, 0x00000000c2a00000, 0x00000000c2a00000|100%|HC|  |TAMS 0x00000000c2a00000, 0x00000000c2900000| Complete 
|  14|0x00000000c2a00000, 0x00000000c2b00000, 0x00000000c2b00000|100%|HS|  |TAMS 0x00000000c2b00000, 0x00000000c2a00000| Complete 
|  15|0x00000000c2b00000, 0x00000000c2c00000, 0x00000000c2c00000|100%|HC|  |TAMS 0x00000000c2c00000, 0x00000000c2b00000| Complete 
|  16|0x00000000c2c00000, 0x00000000c2d00000, 0x00000000c2d00000|100%|HS|  |TAMS 0x00000000c2d00000, 0x00000000c2c00000| Complete 
|  17|0x00000000c2d00000, 0x00000000c2e00000, 0x00000000c2e00000|100%|HC|  |TAMS 0x00000000c2e00000, 0x00000000c2d00000| Complete 
|  18|0x00000000c2e00000, 0x00000000c2f00000, 0x00000000c2f00000|100%|HS|  |TAMS 0x00000000c2f00000, 0x00000000c2e00000| Complete 
|  19|0x00000000c2f00000, 0x00000000c3000000, 0x00000000c3000000|100%| O|  |TAMS 0x00000000c3000000, 0x00000000c2f00000| Updating 
|  20|0x00000000c3000000, 0x00000000c3100000, 0x00000000c3100000|100%| O|  |TAMS 0x00000000c3100000, 0x00000000c3000000| Updating 
|  21|0x00000000c3100000, 0x00000000c3169200, 0x00000000c3200000| 41%| O|  |TAMS 0x00000000c3169200, 0x00000000c3100000| Updating 
|  22|0x00000000c3200000, 0x00000000c3200000, 0x00000000c3300000|  0%| F|  |TAMS 0x00000000c3200000, 0x00000000c3200000| Untracked 
|  23|0x00000000c3300000, 0x00000000c3400000, 0x00000000c3400000|100%|HS|  |TAMS 0x00000000c3400000, 0x00000000c3300000| Complete 
|  24|0x00000000c3400000, 0x00000000c3500000, 0x00000000c3500000|100%|HC|  |TAMS 0x00000000c3500000, 0x00000000c3400000| Complete 
|  25|0x00000000c3500000, 0x00000000c3600000, 0x00000000c3600000|100%|HC|  |TAMS 0x00000000c3600000, 0x00000000c3500000| Complete 
|  26|0x00000000c3600000, 0x00000000c3700000, 0x00000000c3700000|100%|HC|  |TAMS 0x00000000c3700000, 0x00000000c3600000| Complete 
|  27|0x00000000c3700000, 0x00000000c3800000, 0x00000000c3800000|100%|HS|  |TAMS 0x00000000c3800000, 0x00000000c3700000| Complete 
|  28|0x00000000c3800000, 0x00000000c3900000, 0x00000000c3900000|100%|HC|  |TAMS 0x00000000c3900000, 0x00000000c3800000| Complete 
|  29|0x00000000c3900000, 0x00000000c3a00000, 0x00000000c3a00000|100%|HC|  |TAMS 0x00000000c3a00000, 0x00000000c3900000| Complete 
|  30|0x00000000c3a00000, 0x00000000c3b00000, 0x00000000c3b00000|100%|HC|  |TAMS 0x00000000c3b00000, 0x00000000c3a00000| Complete 
|  31|0x00000000c3b00000, 0x00000000c3c00000, 0x00000000c3c00000|100%| O|  |TAMS 0x00000000c3c00000, 0x00000000c3b00000| Updating 
|  32|0x00000000c3c00000, 0x00000000c3d00000, 0x00000000c3d00000|100%| O|  |TAMS 0x00000000c3d00000, 0x00000000c3c00000| Updating 
|  33|0x00000000c3d00000, 0x00000000c3e00000, 0x00000000c3e00000|100%|HS|  |TAMS 0x00000000c3e00000, 0x00000000c3d00000| Complete 
|  34|0x00000000c3e00000, 0x00000000c3f00000, 0x00000000c3f00000|100%|HC|  |TAMS 0x00000000c3f00000, 0x00000000c3e00000| Complete 
|  35|0x00000000c3f00000, 0x00000000c4000000, 0x00000000c4000000|100%|HC|  |TAMS 0x00000000c4000000, 0x00000000c3f00000| Complete 
|  36|0x00000000c4000000, 0x00000000c4100000, 0x00000000c4100000|100%|HC|  |TAMS 0x00000000c4100000, 0x00000000c4000000| Complete 
|  37|0x00000000c4100000, 0x00000000c4200000, 0x00000000c4200000|100%| O|  |TAMS 0x00000000c4200000, 0x00000000c4100000| Updating 
|  38|0x00000000c4200000, 0x00000000c4300000, 0x00000000c4300000|100%| O|  |TAMS 0x00000000c4300000, 0x00000000c4200000| Updating 
|  39|0x00000000c4300000, 0x00000000c4400000, 0x00000000c4400000|100%|HS|  |TAMS 0x00000000c4400000, 0x00000000c4300000| Complete 
|  40|0x00000000c4400000, 0x00000000c4500000, 0x00000000c4500000|100%|HC|  |TAMS 0x00000000c4500000, 0x00000000c4400000| Complete 
|  41|0x00000000c4500000, 0x00000000c4600000, 0x00000000c4600000|100%|HC|  |TAMS 0x00000000c4600000, 0x00000000c4500000| Complete 
|  42|0x00000000c4600000, 0x00000000c4700000, 0x00000000c4700000|100%|HC|  |TAMS 0x00000000c4700000, 0x00000000c4600000| Complete 
|  43|0x00000000c4700000, 0x00000000c4800000, 0x00000000c4800000|100%|HS|  |TAMS 0x00000000c4800000, 0x00000000c4700000| Complete 
|  44|0x00000000c4800000, 0x00000000c4900000, 0x00000000c4900000|100%|HC|  |TAMS 0x00000000c4900000, 0x00000000c4800000| Complete 
|  45|0x00000000c4900000, 0x00000000c4a00000, 0x00000000c4a00000|100%|HC|  |TAMS 0x00000000c4a00000, 0x00000000c4900000| Complete 
|  46|0x00000000c4a00000, 0x00000000c4b00000, 0x00000000c4b00000|100%|HC|  |TAMS 0x00000000c4b00000, 0x00000000c4a00000| Complete 
|  47|0x00000000c4b00000, 0x00000000c4c00000, 0x00000000c4c00000|100%| O|  |TAMS 0x00000000c4c00000, 0x00000000c4b00000| Updating 
|  48|0x00000000c4c00000, 0x00000000c4d00000, 0x00000000c4d00000|100%|HS|  |TAMS 0x00000000c4c00000, 0x00000000c4c00000| Complete 
|  49|0x00000000c4d00000, 0x00000000c4e00000, 0x00000000c4e00000|100%|HC|  |TAMS 0x00000000c4d00000, 0x00000000c4d00000| Complete 
|  50|0x00000000c4e00000, 0x00000000c4f00000, 0x00000000c4f00000|100%|HC|  |TAMS 0x00000000c4e00000, 0x00000000c4e00000| Complete 
|  51|0x00000000c4f00000, 0x00000000c5000000, 0x00000000c5000000|100%|HC|  |TAMS 0x00000000c4f00000, 0x00000000c4f00000| Complete 
|  52|0x00000000c5000000, 0x00000000c5000000, 0x00000000c5100000|  0%| F|  |TAMS 0x00000000c5000000, 0x00000000c5000000| Untracked 
|  53|0x00000000c5100000, 0x00000000c5100000, 0x00000000c5200000|  0%| F|  |TAMS 0x00000000c5100000, 0x00000000c5100000| Untracked 
|  54|0x00000000c5200000, 0x00000000c5200000, 0x00000000c5300000|  0%| F|  |TAMS 0x00000000c5200000, 0x00000000c5200000| Untracked 
|  55|0x00000000c5300000, 0x00000000c5300000, 0x00000000c5400000|  0%| F|  |TAMS 0x00000000c5300000, 0x00000000c5300000| Untracked 
|  56|0x00000000c5400000, 0x00000000c5400000, 0x00000000c5500000|  0%| F|  |TAMS 0x00000000c5400000, 0x00000000c5400000| Untracked 
|  57|0x00000000c5500000, 0x00000000c5500000, 0x00000000c5600000|  0%| F|  |TAMS 0x00000000c5500000, 0x00000000c5500000| Untracked 
|  58|0x00000000c5600000, 0x00000000c5600000, 0x00000000c5700000|  0%| F|  |TAMS 0x00000000c5600000, 0x00000000c5600000| Untracked 
|  59|0x00000000c5700000, 0x00000000c5700000, 0x00000000c5800000|  0%| F|  |TAMS 0x00000000c5700000, 0x00000000c5700000| Untracked 
|  60|0x00000000c5800000, 0x00000000c5800000, 0x00000000c5900000|  0%| F|  |TAMS 0x00000000c5800000, 0x00000000c5800000| Untracked 
|  61|0x00000000c5900000, 0x00000000c5900000, 0x00000000c5a00000|  0%| F|  |TAMS 0x00000000c5900000, 0x00000000c5900000| Untracked 
|  62|0x00000000c5a00000, 0x00000000c5a00000, 0x00000000c5b00000|  0%| F|  |TAMS 0x00000000c5a00000, 0x00000000c5a00000| Untracked 
|  63|0x00000000c5b00000, 0x00000000c5b00000, 0x00000000c5c00000|  0%| F|  |TAMS 0x00000000c5b00000, 0x00000000c5b00000| Untracked 
|  64|0x00000000c5c00000, 0x00000000c5c00000, 0x00000000c5d00000|  0%| F|  |TAMS 0x00000000c5c00000, 0x00000000c5c00000| Untracked 
|  65|0x00000000c5d00000, 0x00000000c5d00000, 0x00000000c5e00000|  0%| F|  |TAMS 0x00000000c5d00000, 0x00000000c5d00000| Untracked 
|  66|0x00000000c5e00000, 0x00000000c5e00000, 0x00000000c5f00000|  0%| F|  |TAMS 0x00000000c5e00000, 0x00000000c5e00000| Untracked 
|  67|0x00000000c5f00000, 0x00000000c5f00000, 0x00000000c6000000|  0%| F|  |TAMS 0x00000000c5f00000, 0x00000000c5f00000| Untracked 
|  68|0x00000000c6000000, 0x00000000c6000000, 0x00000000c6100000|  0%| F|  |TAMS 0x00000000c6000000, 0x00000000c6000000| Untracked 
|  69|0x00000000c6100000, 0x00000000c6100000, 0x00000000c6200000|  0%| F|  |TAMS 0x00000000c6100000, 0x00000000c6100000| Untracked 
|  70|0x00000000c6200000, 0x00000000c6200000, 0x00000000c6300000|  0%| F|  |TAMS 0x00000000c6200000, 0x00000000c6200000| Untracked 
|  71|0x00000000c6300000, 0x00000000c6300000, 0x00000000c6400000|  0%| F|  |TAMS 0x00000000c6300000, 0x00000000c6300000| Untracked 
|  72|0x00000000c6400000, 0x00000000c6400000, 0x00000000c6500000|  0%| F|  |TAMS 0x00000000c6400000, 0x00000000c6400000| Untracked 
|  73|0x00000000c6500000, 0x00000000c6500000, 0x00000000c6600000|  0%| F|  |TAMS 0x00000000c6500000, 0x00000000c6500000| Untracked 
|  74|0x00000000c6600000, 0x00000000c6600000, 0x00000000c6700000|  0%| F|  |TAMS 0x00000000c6600000, 0x00000000c6600000| Untracked 
|  75|0x00000000c6700000, 0x00000000c6700000, 0x00000000c6800000|  0%| F|  |TAMS 0x00000000c6700000, 0x00000000c6700000| Untracked 
|  76|0x00000000c6800000, 0x00000000c6800000, 0x00000000c6900000|  0%| F|  |TAMS 0x00000000c6800000, 0x00000000c6800000| Untracked 
|  77|0x00000000c6900000, 0x00000000c6900000, 0x00000000c6a00000|  0%| F|  |TAMS 0x00000000c6900000, 0x00000000c6900000| Untracked 
|  78|0x00000000c6a00000, 0x00000000c6a00000, 0x00000000c6b00000|  0%| F|  |TAMS 0x00000000c6a00000, 0x00000000c6a00000| Untracked 
|  79|0x00000000c6b00000, 0x00000000c6b00000, 0x00000000c6c00000|  0%| F|  |TAMS 0x00000000c6b00000, 0x00000000c6b00000| Untracked 
|  80|0x00000000c6c00000, 0x00000000c6c00000, 0x00000000c6d00000|  0%| F|  |TAMS 0x00000000c6c00000, 0x00000000c6c00000| Untracked 
|  81|0x00000000c6d00000, 0x00000000c6d00000, 0x00000000c6e00000|  0%| F|  |TAMS 0x00000000c6d00000, 0x00000000c6d00000| Untracked 
|  82|0x00000000c6e00000, 0x00000000c6ed0ec0, 0x00000000c6f00000| 81%| S|CS|TAMS 0x00000000c6e00000, 0x00000000c6e00000| Complete 
|  83|0x00000000c6f00000, 0x00000000c6f1f4b0, 0x00000000c7000000| 12%| E|  |TAMS 0x00000000c6f00000, 0x00000000c6f00000| Complete 

Card table byte_map: [0x000002b872680000,0x000002b872880000] _byte_map_base: 0x000002b872072000

Marking Bits (Prev, Next): (CMBitMap*) 0x000002b868259588, (CMBitMap*) 0x000002b8682595c8
 Prev Bits: [0x000002b872a80000, 0x000002b873a10000)
 Next Bits: [0x000002b873a10000, 0x000002b8749a0000)

Polling page: 0x000002b8682d0000

Metaspace:

Usage:
  Non-class:     18.20 MB capacity,    17.90 MB ( 98%) used,   264.88 KB (  1%) free+waste,    43.38 KB ( <1%) overhead. 
      Class:      2.52 MB capacity,     2.36 MB ( 93%) used,   149.27 KB (  6%) free+waste,    22.75 KB ( <1%) overhead. 
       Both:     20.73 MB capacity,    20.26 MB ( 98%) used,   414.16 KB (  2%) free+waste,    66.13 KB ( <1%) overhead. 

Virtual space:
  Non-class space:       20.00 MB reserved,      18.42 MB ( 92%) committed 
      Class space:        1.00 GB reserved,       2.63 MB ( <1%) committed 
             Both:        1.02 GB reserved,      21.05 MB (  2%) committed 

Chunk freelists:
   Non-Class:  48.00 KB
       Class:  7.00 KB
        Both:  55.00 KB

MaxMetaspaceSize: 17179869184.00 GB
CompressedClassSpaceSize: 1.00 GB

CodeHeap 'non-profiled nmethods': size=120064Kb used=1018Kb max_used=1018Kb free=119045Kb
 bounds [0x000002b807ac0000, 0x000002b807d30000, 0x000002b80f000000]
CodeHeap 'profiled nmethods': size=120000Kb used=5569Kb max_used=5569Kb free=114430Kb
 bounds [0x000002b800590000, 0x000002b800b10000, 0x000002b807ac0000]
CodeHeap 'non-nmethods': size=5696Kb used=1397Kb max_used=1412Kb free=4298Kb
 bounds [0x000002b800000000, 0x000002b800270000, 0x000002b800590000]
 total_blobs=4264 nmethods=2530 adapters=624
 compilation: enabled
              stopped_count=0, restarted_count=0
 full_count=0

Compilation events (20 events):
Event: 162.192 Thread 0x000002b876db9800 2687       3       sun.net.www.ParseUtil::firstEncodeIndex (86 bytes)
Event: 162.195 Thread 0x000002b876db9800 nmethod 2687 0x000002b800afc710 code [0x000002b800afc960, 0x000002b800afd370]
Event: 242.503 Thread 0x000002b876db9800 2688       3       jdk.internal.loader.BuiltinClassLoader::hasClassPath (13 bytes)
Event: 242.503 Thread 0x000002b876db9800 nmethod 2688 0x000002b800afd710 code [0x000002b800afd8c0, 0x000002b800afda98]
Event: 243.451 Thread 0x000002b876db9800 2689       3       java.util.concurrent.locks.AbstractQueuedSynchronizer$Node::setPrevRelaxed (9 bytes)
Event: 243.452 Thread 0x000002b876db9800 nmethod 2689 0x000002b800afdb10 code [0x000002b800afdd60, 0x000002b800afe620]
Event: 243.452 Thread 0x000002b876db9800 2690       3       java.util.concurrent.locks.AbstractQueuedSynchronizer::compareAndSetTail (10 bytes)
Event: 243.454 Thread 0x000002b876db9800 nmethod 2690 0x000002b800afe910 code [0x000002b800afeba0, 0x000002b800aff760]
Event: 243.454 Thread 0x000002b876db9800 2691       3       java.util.concurrent.locks.AbstractQueuedSynchronizer::setHead (16 bytes)
Event: 243.454 Thread 0x000002b876db9800 nmethod 2691 0x000002b800affb10 code [0x000002b800affcc0, 0x000002b800afff78]
Event: 243.806 Thread 0x000002b876db9800 2693       3       java.lang.Math::ceil (5 bytes)
Event: 243.806 Thread 0x000002b876db9800 nmethod 2693 0x000002b800b00090 code [0x000002b800b00280, 0x000002b800b00470]
Event: 243.806 Thread 0x000002b876db9800 2694       3       sun.java2d.pipe.Region::clipRound (34 bytes)
Event: 243.810 Thread 0x000002b876db9800 nmethod 2694 0x000002b800b00510 code [0x000002b800b00740, 0x000002b800b00ab0]
Event: 244.205 Thread 0x000002b876d4c800 2695       4       java.util.Arrays::binarySearch0 (95 bytes)
Event: 244.209 Thread 0x000002b876d4c800 nmethod 2695 0x000002b807bbd790 code [0x000002b807bbd920, 0x000002b807bbdaf8]
Event: 244.209 Thread 0x000002b876d4c800 2696       4       java.util.Arrays::copyOf (40 bytes)
Event: 244.213 Thread 0x000002b876db9800 2697       1       java.awt.color.ColorSpace::getType (5 bytes)
Event: 244.214 Thread 0x000002b876db9800 nmethod 2697 0x000002b807bbdd10 code [0x000002b807bbdea0, 0x000002b807bbdfd8]
Event: 244.215 Thread 0x000002b876d4c800 nmethod 2696 0x000002b807bbe090 code [0x000002b807bbe240, 0x000002b807bbe678]

GC Heap History (20 events):
Event: 2.668 GC heap before
{Heap before GC invocations=1 (full 0):
 garbage-first heap   total 65536K, used 14651K [0x00000000c1c00000, 0x0000000100000000)
  region size 1024K, 6 young (6144K), 1 survivors (1024K)
 Metaspace       used 5433K, capacity 5689K, committed 5888K, reserved 1056768K
  class space    used 586K, capacity 717K, committed 768K, reserved 1048576K
}
Event: 2.674 GC heap after
{Heap after GC invocations=2 (full 0):
 garbage-first heap   total 65536K, used 9956K [0x00000000c1c00000, 0x0000000100000000)
  region size 1024K, 1 young (1024K), 1 survivors (1024K)
 Metaspace       used 5433K, capacity 5689K, committed 5888K, reserved 1056768K
  class space    used 586K, capacity 717K, committed 768K, reserved 1048576K
}
Event: 6.369 GC heap before
{Heap before GC invocations=2 (full 0):
 garbage-first heap   total 65536K, used 39652K [0x00000000c1c00000, 0x0000000100000000)
  region size 1024K, 14 young (14336K), 1 survivors (1024K)
 Metaspace       used 7925K, capacity 8289K, committed 8576K, reserved 1056768K
  class space    used 918K, capacity 1069K, committed 1152K, reserved 1048576K
}
Event: 6.375 GC heap after
{Heap after GC invocations=3 (full 0):
 garbage-first heap   total 65536K, used 23454K [0x00000000c1c00000, 0x0000000100000000)
  region size 1024K, 1 young (1024K), 1 survivors (1024K)
 Metaspace       used 7925K, capacity 8289K, committed 8576K, reserved 1056768K
  class space    used 918K, capacity 1069K, committed 1152K, reserved 1048576K
}
Event: 10.363 GC heap before
{Heap before GC invocations=3 (full 0):
 garbage-first heap   total 65536K, used 35742K [0x00000000c1c00000, 0x0000000100000000)
  region size 1024K, 10 young (10240K), 1 survivors (1024K)
 Metaspace       used 10709K, capacity 11022K, committed 11264K, reserved 1058816K
  class space    used 1320K, capacity 1467K, committed 1536K, reserved 1048576K
}
Event: 10.368 GC heap after
{Heap after GC invocations=4 (full 0):
 garbage-first heap   total 65536K, used 29616K [0x00000000c1c00000, 0x0000000100000000)
  region size 1024K, 3 young (3072K), 3 survivors (3072K)
 Metaspace       used 10709K, capacity 11022K, committed 11264K, reserved 1058816K
  class space    used 1320K, capacity 1467K, committed 1536K, reserved 1048576K
}
Event: 22.875 GC heap before
{Heap before GC invocations=5 (full 0):
 garbage-first heap   total 65536K, used 40880K [0x00000000c1c00000, 0x0000000100000000)
  region size 1024K, 12 young (12288K), 3 survivors (3072K)
 Metaspace       used 11027K, capacity 11310K, committed 11520K, reserved 1058816K
  class space    used 1360K, capacity 1499K, committed 1536K, reserved 1048576K
}
Event: 22.883 GC heap after
{Heap after GC invocations=6 (full 0):
 garbage-first heap   total 65536K, used 30931K [0x00000000c1c00000, 0x0000000100000000)
  region size 1024K, 2 young (2048K), 2 survivors (2048K)
 Metaspace       used 11027K, capacity 11310K, committed 11520K, reserved 1058816K
  class space    used 1360K, capacity 1499K, committed 1536K, reserved 1048576K
}
Event: 23.178 GC heap before
{Heap before GC invocations=7 (full 0):
 garbage-first heap   total 68608K, used 42195K [0x00000000c1c00000, 0x0000000100000000)
  region size 1024K, 7 young (7168K), 2 survivors (2048K)
 Metaspace       used 11032K, capacity 11310K, committed 11520K, reserved 1058816K
  class space    used 1361K, capacity 1499K, committed 1536K, reserved 1048576K
}
Event: 23.182 GC heap after
{Heap after GC invocations=8 (full 0):
 garbage-first heap   total 68608K, used 35095K [0x00000000c1c00000, 0x0000000100000000)
  region size 1024K, 1 young (1024K), 1 survivors (1024K)
 Metaspace       used 11032K, capacity 11310K, committed 11520K, reserved 1058816K
  class space    used 1361K, capacity 1499K, committed 1536K, reserved 1048576K
}
Event: 32.037 GC heap before
{Heap before GC invocations=9 (full 0):
 garbage-first heap   total 76800K, used 56599K [0x00000000c1c00000, 0x0000000100000000)
  region size 1024K, 15 young (15360K), 1 survivors (1024K)
 Metaspace       used 11637K, capacity 11953K, committed 12160K, reserved 1060864K
  class space    used 1413K, capacity 1564K, committed 1664K, reserved 1048576K
}
Event: 32.042 GC heap after
{Heap after GC invocations=10 (full 0):
 garbage-first heap   total 76800K, used 40314K [0x00000000c1c00000, 0x0000000100000000)
  region size 1024K, 2 young (2048K), 2 survivors (2048K)
 Metaspace       used 11637K, capacity 11953K, committed 12160K, reserved 1060864K
  class space    used 1413K, capacity 1564K, committed 1664K, reserved 1048576K
}
Event: 33.352 GC heap before
{Heap before GC invocations=10 (full 0):
 garbage-first heap   total 76800K, used 40314K [0x00000000c1c00000, 0x0000000100000000)
  region size 1024K, 3 young (3072K), 2 survivors (2048K)
 Metaspace       used 11722K, capacity 12017K, committed 12160K, reserved 1060864K
  class space    used 1413K, capacity 1564K, committed 1664K, reserved 1048576K
}
Event: 33.356 GC heap after
{Heap after GC invocations=11 (full 0):
 garbage-first heap   total 76800K, used 40389K [0x00000000c1c00000, 0x0000000100000000)
  region size 1024K, 2 young (2048K), 2 survivors (2048K)
 Metaspace       used 11722K, capacity 12017K, committed 12160K, reserved 1060864K
  class space    used 1413K, capacity 1564K, committed 1664K, reserved 1048576K
}
Event: 38.308 GC heap before
{Heap before GC invocations=12 (full 0):
 garbage-first heap   total 86016K, used 64965K [0x00000000c1c00000, 0x0000000100000000)
  region size 1024K, 19 young (19456K), 2 survivors (2048K)
 Metaspace       used 17863K, capacity 18291K, committed 18432K, reserved 1064960K
  class space    used 2044K, capacity 2225K, committed 2304K, reserved 1048576K
}
Event: 38.323 GC heap after
{Heap after GC invocations=13 (full 0):
 garbage-first heap   total 86016K, used 47512K [0x00000000c1c00000, 0x0000000100000000)
  region size 1024K, 3 young (3072K), 3 survivors (3072K)
 Metaspace       used 17863K, capacity 18291K, committed 18432K, reserved 1064960K
  class space    used 2044K, capacity 2225K, committed 2304K, reserved 1048576K
}
Event: 42.589 GC heap before
{Heap before GC invocations=13 (full 0):
 garbage-first heap   total 86016K, used 49560K [0x00000000c1c00000, 0x0000000100000000)
  region size 1024K, 7 young (7168K), 3 survivors (3072K)
 Metaspace       used 20657K, capacity 21090K, committed 21296K, reserved 1069056K
  class space    used 2403K, capacity 2582K, committed 2688K, reserved 1048576K
}
Event: 42.599 GC heap after
{Heap after GC invocations=14 (full 0):
 garbage-first heap   total 86016K, used 48399K [0x00000000c1c00000, 0x0000000100000000)
  region size 1024K, 1 young (1024K), 1 survivors (1024K)
 Metaspace       used 20657K, capacity 21090K, committed 21296K, reserved 1069056K
  class space    used 2403K, capacity 2582K, committed 2688K, reserved 1048576K
}
Event: 243.807 GC heap before
{Heap before GC invocations=15 (full 0):
 garbage-first heap   total 86016K, used 48399K [0x00000000c1c00000, 0x0000000100000000)
  region size 1024K, 2 young (2048K), 1 survivors (1024K)
 Metaspace       used 20741K, capacity 21225K, committed 21552K, reserved 1069056K
  class space    used 2412K, capacity 2585K, committed 2688K, reserved 1048576K
}
Event: 243.810 GC heap after
{Heap after GC invocations=16 (full 0):
 garbage-first heap   total 86016K, used 48360K [0x00000000c1c00000, 0x0000000100000000)
  region size 1024K, 1 young (1024K), 1 survivors (1024K)
 Metaspace       used 20741K, capacity 21225K, committed 21552K, reserved 1069056K
  class space    used 2412K, capacity 2585K, committed 2688K, reserved 1048576K
}

Deoptimization events (20 events):
Event: 38.171 Thread 0x000002b877a5f800 DEOPT PACKING pc=0x000002b807ba5c20 sp=0x000000c9ee5f8af0
Event: 38.171 Thread 0x000002b877a5f800 DEOPT UNPACKING pc=0x000002b80004942f sp=0x000000c9ee5f8aa8 mode 2
Event: 41.649 Thread 0x000002b877a5f800 Uncommon trap: trap_request=0xffffff45 fr.pc=0x000002b807b24010 relative=0x00000000000001d0
Event: 41.649 Thread 0x000002b877a5f800 Uncommon trap: reason=unstable_if action=reinterpret pc=0x000002b807b24010 method=java.io.WinNTFileSystem.normalize(Ljava/lang/String;)Ljava/lang/String; @ 128 c2
Event: 41.649 Thread 0x000002b877a5f800 DEOPT PACKING pc=0x000002b807b24010 sp=0x000000c9ee5fb240
Event: 41.649 Thread 0x000002b877a5f800 DEOPT UNPACKING pc=0x000002b80004942f sp=0x000000c9ee5fb1b8 mode 2
Event: 41.657 Thread 0x000002b877a5f800 DEOPT PACKING pc=0x000002b8005cbcd0 sp=0x000000c9ee5fb130
Event: 41.657 Thread 0x000002b877a5f800 DEOPT UNPACKING pc=0x000002b80004994e sp=0x000000c9ee5fa5d0 mode 0
Event: 41.873 Thread 0x000002b877a5f800 DEOPT PACKING pc=0x000002b800a52686 sp=0x000000c9ee5f94a0
Event: 41.873 Thread 0x000002b877a5f800 DEOPT UNPACKING pc=0x000002b80004994e sp=0x000000c9ee5f89c0 mode 0
Event: 42.121 Thread 0x000002b877a5f800 Uncommon trap: trap_request=0xffffff45 fr.pc=0x000002b807b03b44 relative=0x00000000000001a4
Event: 42.121 Thread 0x000002b877a5f800 Uncommon trap: reason=unstable_if action=reinterpret pc=0x000002b807b03b44 method=java.nio.Buffer.<init>(IIII)V @ 44 c2
Event: 42.121 Thread 0x000002b877a5f800 DEOPT PACKING pc=0x000002b807b03b44 sp=0x000000c9ee5fc0d0
Event: 42.121 Thread 0x000002b877a5f800 DEOPT UNPACKING pc=0x000002b80004942f sp=0x000000c9ee5fc030 mode 2
Event: 42.606 Thread 0x000002b877a5f800 DEOPT PACKING pc=0x000002b8009700e4 sp=0x000000c9ee5fe460
Event: 42.606 Thread 0x000002b877a5f800 DEOPT UNPACKING pc=0x000002b80004994e sp=0x000000c9ee5fd980 mode 1
Event: 42.635 Thread 0x000002b877a5f800 Uncommon trap: trap_request=0xffffff45 fr.pc=0x000002b807b73d50 relative=0x00000000000000b0
Event: 42.635 Thread 0x000002b877a5f800 Uncommon trap: reason=unstable_if action=reinterpret pc=0x000002b807b73d50 method=java.awt.Component.inside(II)Z @ 9 c2
Event: 42.635 Thread 0x000002b877a5f800 DEOPT PACKING pc=0x000002b807b73d50 sp=0x000000c9ee5fdf70
Event: 42.635 Thread 0x000002b877a5f800 DEOPT UNPACKING pc=0x000002b80004942f sp=0x000000c9ee5fde08 mode 2

Classes unloaded (0 events):
No events

Classes redefined (0 events):
No events

Internal exceptions (20 events):
Event: 6.302 Thread 0x000002b877a5f800 Exception <a 'java/lang/ClassNotFoundException'{0x00000000c4ecfd00}: Tree> (0x00000000c4ecfd00) 
thrown [t:/workspace/open/src/hotspot/share/classfile/systemDictionary.cpp, line 232]
Event: 6.302 Thread 0x000002b877a5f800 Exception <a 'java/lang/ClassNotFoundException'{0x00000000c4ed01f8}: Tree> (0x00000000c4ed01f8) 
thrown [t:/workspace/open/src/hotspot/share/classfile/systemDictionary.cpp, line 232]
Event: 6.302 Thread 0x000002b877a5f800 Exception <a 'java/lang/ClassNotFoundException'{0x00000000c4ed0568}: javax/swing/JTreeCell> (0x00000000c4ed0568) 
thrown [t:/workspace/open/src/hotspot/share/classfile/systemDictionary.cpp, line 232]
Event: 6.302 Thread 0x000002b877a5f800 Exception <a 'java/lang/ClassNotFoundException'{0x00000000c4ed0868}: TreeCell> (0x00000000c4ed0868) 
thrown [t:/workspace/open/src/hotspot/share/classfile/systemDictionary.cpp, line 232]
Event: 6.303 Thread 0x000002b877a5f800 Exception <a 'java/lang/ClassNotFoundException'{0x00000000c4ed0e68}: RootPane> (0x00000000c4ed0e68) 
thrown [t:/workspace/open/src/hotspot/share/classfile/systemDictionary.cpp, line 232]
Event: 6.438 Thread 0x000002b877a5f800 Exception <a 'java/lang/NoSuchMethodError'{0x00000000c5b671f8}: 'void java.lang.invoke.DirectMethodHandle$Holder.invokeStaticInit(java.lang.Object)'> (0x00000000c5b671f8) 
thrown [t:/workspace/open/src/hotspot/share/interpreter/linkResolver.cpp, line 767]
Event: 6.457 Thread 0x000002b877a5f800 Exception <a 'java/lang/NoSuchMethodError'{0x00000000c5b8e310}: 'java.lang.Object java.lang.invoke.Invokers$Holder.linkToTargetMethod(java.lang.Object, int, java.lang.Object)'> (0x00000000c5b8e310) 
thrown [t:/workspace/open/src/hotspot/share/interpreter/linkResolver.cpp, line 767]
Event: 6.467 Thread 0x000002b877a5f800 Exception <a 'java/lang/ClassNotFoundException'{0x00000000c5b95ff8}: com/sun/swing/internal/plaf/synth/resources/spi/synthProvider> (0x00000000c5b95ff8) 
thrown [t:/workspace/open/src/hotspot/share/classfile/systemDictionary.cpp, line 232]
Event: 8.406 Thread 0x000002b87812f800 Exception <a 'java/io/FileNotFoundException'{0x00000000c58e5a78}> (0x00000000c58e5a78) 
thrown [t:/workspace/open/src/hotspot/share/prims/jni.cpp, line 598]
Event: 8.408 Thread 0x000002b87812f800 Exception <a 'java/io/FileNotFoundException'{0x00000000c58e61a8}> (0x00000000c58e61a8) 
thrown [t:/workspace/open/src/hotspot/share/prims/jni.cpp, line 598]
Event: 8.591 Thread 0x000002b87812f800 Implicit null exception at 0x000002b807b1c210 to 0x000002b807b1c6f6
Event: 22.893 Thread 0x000002b878480000 Implicit null exception at 0x000002b807b1008d to 0x000002b807b101f6
Event: 38.143 Thread 0x000002b877a5f800 Exception <a 'java/lang/NoSuchMethodError'{0x00000000c5fe4538}: 'java.lang.Object java.lang.invoke.DirectMethodHandle$Holder.invokeStaticInit(java.lang.Object, int, int, int, int)'> (0x00000000c5fe4538) 
thrown [t:/workspace/open/src/hotspot/share/interpreter/linkResolver.cpp, line 767]
Event: 38.152 Thread 0x000002b877a5f800 Exception <a 'sun/nio/fs/WindowsException'{0x00000000c5fea4f0}> (0x00000000c5fea4f0) 
thrown [t:/workspace/open/src/hotspot/share/prims/jni.cpp, line 598]
Event: 38.184 Thread 0x000002b877a5f800 Exception <a 'java/lang/NoSuchMethodError'{0x00000000c5e0cc60}: 'int java.lang.invoke.DirectMethodHandle$Holder.invokeStaticInit(java.lang.Object, java.lang.Object, java.lang.Object, java.lang.Object)'> (0x00000000c5e0cc60) 
thrown [t:/workspace/open/src/hotspot/share/interpreter/linkResolver.cpp, line 767]
Event: 38.187 Thread 0x000002b877a5f800 Exception <a 'java/lang/NoSuchMethodError'{0x00000000c5e17e18}: 'void java.lang.invoke.DirectMethodHandle$Holder.invokeStaticInit(java.lang.Object, java.lang.Object)'> (0x00000000c5e17e18) 
thrown [t:/workspace/open/src/hotspot/share/interpreter/linkResolver.cpp, line 767]
Event: 38.188 Thread 0x000002b877a5f800 Exception <a 'java/lang/NoSuchMethodError'{0x00000000c5e1d0f0}: 'int java.lang.invoke.DirectMethodHandle$Holder.invokeStaticInit(java.lang.Object, java.lang.Object)'> (0x00000000c5e1d0f0) 
thrown [t:/workspace/open/src/hotspot/share/interpreter/linkResolver.cpp, line 767]
Event: 41.690 Thread 0x000002b877a5f800 Exception <a 'java/lang/NoSuchMethodError'{0x00000000c6fd5ad0}: 'java.lang.Object java.lang.invoke.DirectMethodHandle$Holder.invokeStaticInit(java.lang.Object, java.lang.Object, int, int, int, int)'> (0x00000000c6fd5ad0) 
thrown [t:/workspace/open/src/hotspot/share/interpreter/linkResolver.cpp, line 767]
Event: 42.606 Thread 0x000002b877a5f800 Exception <a 'java/lang/NullPointerException'{0x00000000c6f0cf98}> (0x00000000c6f0cf98) 
thrown [t:/workspace/open/src/hotspot/share/interpreter/linkResolver.cpp, line 1431]
Event: 243.558 Thread 0x000002b877a5f800 Exception <a 'java/lang/NoSuchMethodError'{0x00000000c6f2dac0}: 'void java.lang.invoke.DirectMethodHandle$Holder.invokeVirtual(java.lang.Object, java.lang.Object)'> (0x00000000c6f2dac0) 
thrown [t:/workspace/open/src/hotspot/share/interpreter/linkResolver.cpp, line 767]

Events (20 events):
Event: 243.449 Executing VM operation: RevokeBias done
Event: 243.449 Executing VM operation: RevokeBias
Event: 243.449 Executing VM operation: RevokeBias done
Event: 243.449 Executing VM operation: RevokeBias
Event: 243.450 Executing VM operation: RevokeBias done
Event: 243.450 Executing VM operation: RevokeBias
Event: 243.450 Executing VM operation: RevokeBias done
Event: 243.450 Executing VM operation: RevokeBias
Event: 243.450 Executing VM operation: RevokeBias done
Event: 243.450 Executing VM operation: RevokeBias
Event: 243.450 Executing VM operation: RevokeBias done
Event: 243.557 loading class java/util/WeakHashMap$KeyIterator
Event: 243.557 loading class java/util/WeakHashMap$HashIterator
Event: 243.557 loading class java/util/WeakHashMap$HashIterator done
Event: 243.557 loading class java/util/WeakHashMap$KeyIterator done
Event: 243.806 Executing VM operation: G1CollectForAllocation
Event: 243.810 Executing VM operation: G1CollectForAllocation done
Event: 243.814 loading class javax/swing/RepaintManager$DisplayChangedRunnable
Event: 243.997 loading class javax/swing/RepaintManager$DisplayChangedRunnable done
Event: 244.623 Executing VM operation: G1Concurrent


Dynamic libraries:
0x00007ff73db40000 - 0x00007ff73db4f000 	C:\Program Files\Java\jdk-13.0.2\bin\javaw.exe
0x00007ffa54a30000 - 0x00007ffa54c26000 	C:\WINDOWS\SYSTEM32\ntdll.dll
0x00007ffa53ad0000 - 0x00007ffa53b8d000 	C:\WINDOWS\System32\KERNEL32.DLL
0x00007ffa52600000 - 0x00007ffa528c9000 	C:\WINDOWS\System32\KERNELBASE.dll
0x00007ffa4fb60000 - 0x00007ffa4fbf0000 	C:\WINDOWS\SYSTEM32\apphelp.dll
0x00007ffa0b540000 - 0x00007ffa0b5a0000 	C:\WINDOWS\SYSTEM32\AcGenral.DLL
0x00007ffa54280000 - 0x00007ffa5431e000 	C:\WINDOWS\System32\msvcrt.dll
0x00007ffa52cc0000 - 0x00007ffa52d5c000 	C:\WINDOWS\System32\sechost.dll
0x00007ffa53e80000 - 0x00007ffa53fab000 	C:\WINDOWS\System32\RPCRT4.dll
0x00007ffa54990000 - 0x00007ffa549e5000 	C:\WINDOWS\System32\SHLWAPI.dll
0x00007ffa52b20000 - 0x00007ffa52cc0000 	C:\WINDOWS\System32\USER32.dll
0x00007ffa52220000 - 0x00007ffa52242000 	C:\WINDOWS\System32\win32u.dll
0x00007ffa53de0000 - 0x00007ffa53e0a000 	C:\WINDOWS\System32\GDI32.dll
0x00007ffa52950000 - 0x00007ffa52a5b000 	C:\WINDOWS\System32\gdi32full.dll
0x00007ffa52410000 - 0x00007ffa524ad000 	C:\WINDOWS\System32\msvcp_win.dll
0x00007ffa52500000 - 0x00007ffa52600000 	C:\WINDOWS\System32\ucrtbase.dll
0x00007ffa539a0000 - 0x00007ffa53aca000 	C:\WINDOWS\System32\ole32.dll
0x00007ffa52de0000 - 0x00007ffa53136000 	C:\WINDOWS\System32\combase.dll
0x00007ffa53140000 - 0x00007ffa53883000 	C:\WINDOWS\System32\SHELL32.dll
0x00007ffa53890000 - 0x00007ffa5393c000 	C:\WINDOWS\System32\ADVAPI32.dll
0x00007ffa52060000 - 0x00007ffa5208e000 	C:\WINDOWS\SYSTEM32\USERENV.dll
0x00007ffa47170000 - 0x00007ffa4718d000 	C:\WINDOWS\SYSTEM32\MPR.dll
0x00007ffa52020000 - 0x00007ffa5205c000 	C:\WINDOWS\SYSTEM32\SspiCli.dll
0x00007ffa548a0000 - 0x00007ffa548d0000 	C:\WINDOWS\System32\IMM32.DLL
0x00007ffa407f0000 - 0x00007ffa40808000 	C:\Program Files\Java\jdk-13.0.2\bin\jli.dll
0x00007ffa20930000 - 0x00007ffa20945000 	C:\Program Files\Java\jdk-13.0.2\bin\VCRUNTIME140.dll
0x00007ffa20120000 - 0x00007ffa203bb000 	C:\WINDOWS\WinSxS\amd64_microsoft.windows.common-controls_6595b64144ccf1df_6.0.19041.746_none_ca02b4b61b8320a4\COMCTL32.dll
0x00007ffa483f0000 - 0x00007ffa483fa000 	C:\WINDOWS\SYSTEM32\VERSION.dll
0x00007ffa06870000 - 0x00007ffa0690b000 	C:\Program Files\Java\jdk-13.0.2\bin\msvcp140.dll
0x00007ff9fd3b0000 - 0x00007ff9fdf0d000 	C:\Program Files\Java\jdk-13.0.2\bin\server\jvm.dll
0x00007ffa53c40000 - 0x00007ffa53c48000 	C:\WINDOWS\System32\PSAPI.DLL
0x00007ffa4f270000 - 0x00007ffa4f279000 	C:\WINDOWS\SYSTEM32\WSOCK32.dll
0x00007ffa53e10000 - 0x00007ffa53e7b000 	C:\WINDOWS\System32\WS2_32.dll
0x00007ffa46b10000 - 0x00007ffa46b37000 	C:\WINDOWS\SYSTEM32\WINMM.dll
0x00007ffa500d0000 - 0x00007ffa500e2000 	C:\WINDOWS\SYSTEM32\kernel.appcore.dll
0x00007ffa4f6b0000 - 0x00007ffa4f6c0000 	C:\Program Files\Java\jdk-13.0.2\bin\verify.dll
0x00007ffa4b910000 - 0x00007ffa4baf4000 	C:\WINDOWS\SYSTEM32\DBGHELP.DLL
0x00007ffa4b8e0000 - 0x00007ffa4b90c000 	C:\WINDOWS\SYSTEM32\dbgcore.DLL
0x00007ffa528d0000 - 0x00007ffa52950000 	C:\WINDOWS\System32\bcryptPrimitives.dll
0x00007ffa4d210000 - 0x00007ffa4d236000 	C:\Program Files\Java\jdk-13.0.2\bin\java.dll
0x00007ffa4ea90000 - 0x00007ffa4eaa7000 	C:\Program Files\Java\jdk-13.0.2\bin\zip.dll
0x00007ffa4d200000 - 0x00007ffa4d20a000 	C:\Program Files\Java\jdk-13.0.2\bin\jimage.dll
0x00007ffa502d0000 - 0x00007ffa50a5f000 	C:\WINDOWS\SYSTEM32\windows.storage.dll
0x00007ffa51b60000 - 0x00007ffa51b8c000 	C:\WINDOWS\SYSTEM32\Wldp.dll
0x00007ffa53d30000 - 0x00007ffa53dde000 	C:\WINDOWS\System32\SHCORE.dll
0x00007ffa520a0000 - 0x00007ffa520c6000 	C:\WINDOWS\SYSTEM32\profapi.dll
0x00007ffa49df0000 - 0x00007ffa49e09000 	C:\Program Files\Java\jdk-13.0.2\bin\net.dll
0x00007ffa46520000 - 0x00007ffa46620000 	C:\WINDOWS\SYSTEM32\WINHTTP.dll
0x00007ffa51880000 - 0x00007ffa518ea000 	C:\WINDOWS\system32\mswsock.dll
0x00007ffa49880000 - 0x00007ffa49893000 	C:\Program Files\Java\jdk-13.0.2\bin\nio.dll
0x00007ffa0b6e0000 - 0x00007ffa0b879000 	C:\Program Files\Java\jdk-13.0.2\bin\awt.dll
0x00007ffa53c60000 - 0x00007ffa53d2d000 	C:\WINDOWS\System32\OLEAUT32.dll
0x00007ffa4fd00000 - 0x00007ffa4fd9e000 	C:\WINDOWS\system32\uxtheme.dll
0x00007ffa54160000 - 0x00007ffa54276000 	C:\WINDOWS\System32\MSCTF.dll
0x00007ffa4ffc0000 - 0x00007ffa4ffef000 	C:\WINDOWS\system32\DWMAPI.DLL
0x00007ffa0adb0000 - 0x00007ffa0aed5000 	C:\WINDOWS\system32\opengl32.dll
0x00007ffa20710000 - 0x00007ffa2073c000 	C:\WINDOWS\SYSTEM32\GLU32.dll
0x00007ffa0cd00000 - 0x00007ffa0cecf000 	C:\WINDOWS\system32\d3d9.dll
0x00007ffa458e0000 - 0x00007ffa45ab8000 	C:\WINDOWS\System32\DriverStore\FileRepository\c0357018.inf_amd64_f26a13271ebde80b\B354982\aticfx64.dll
0x00007ffa07430000 - 0x00007ffa07461000 	C:\WINDOWS\System32\DriverStore\FileRepository\c0357018.inf_amd64_f26a13271ebde80b\B354982\atiu9p64.dll
0x00007ff9f3f60000 - 0x00007ff9f4bca000 	C:\WINDOWS\System32\DriverStore\FileRepository\c0357018.inf_amd64_f26a13271ebde80b\B354982\atiumd64.dll
0x0000000054420000 - 0x00000000551c5000 	C:\WINDOWS\System32\DriverStore\FileRepository\c0357018.inf_amd64_f26a13271ebde80b\B354982\atiumd6a.dll
0x00007ffa51f20000 - 0x00007ffa51f6b000 	C:\WINDOWS\SYSTEM32\POWRPROF.dll
0x00007ffa51f00000 - 0x00007ffa51f12000 	C:\WINDOWS\SYSTEM32\UMPDC.dll
0x00007ffa4f6c0000 - 0x00007ffa4f6ee000 	C:\WINDOWS\SYSTEM32\amdihk64.dll
0x00007ffa4ebb0000 - 0x00007ffa4ebeb000 	C:\WINDOWS\SYSTEM32\dxcore.dll
0x00007ffa524b0000 - 0x00007ffa524fe000 	C:\WINDOWS\System32\cfgmgr32.dll
0x00007ffa484a0000 - 0x00007ffa484cd000 	C:\Program Files\Java\jdk-13.0.2\bin\javajpeg.dll
0x00007ffa0b650000 - 0x00007ffa0b6d2000 	C:\Program Files\Java\jdk-13.0.2\bin\freetype.dll
0x00007ffa0b5a0000 - 0x00007ffa0b646000 	C:\Program Files\Java\jdk-13.0.2\bin\fontmanager.dll
0x00007ffa486f0000 - 0x00007ffa487eb000 	C:\WINDOWS\SYSTEM32\textinputframework.dll
0x00007ffa4f7b0000 - 0x00007ffa4fb0e000 	C:\WINDOWS\System32\CoreUIComponents.dll
0x00007ffa4f5b0000 - 0x00007ffa4f6a2000 	C:\WINDOWS\System32\CoreMessaging.dll
0x00007ffa50eb0000 - 0x00007ffa50ee3000 	C:\WINDOWS\SYSTEM32\ntmarta.dll
0x00007ffa4e120000 - 0x00007ffa4e274000 	C:\WINDOWS\SYSTEM32\wintypes.dll
0x00007ffa515b0000 - 0x00007ffa5167b000 	C:\WINDOWS\SYSTEM32\DNSAPI.dll
0x00007ffa51570000 - 0x00007ffa515ab000 	C:\WINDOWS\SYSTEM32\IPHLPAPI.DLL
0x00007ffa54320000 - 0x00007ffa54328000 	C:\WINDOWS\System32\NSI.dll
0x00007ffa47160000 - 0x00007ffa4716a000 	C:\Windows\System32\rasadhlp.dll
0x00007ffa46d50000 - 0x00007ffa46dcf000 	C:\WINDOWS\System32\fwpuclnt.dll
0x00007ffa52a60000 - 0x00007ffa52a87000 	C:\WINDOWS\System32\bcrypt.dll
0x00007ffa41dd0000 - 0x00007ffa41df5000 	C:\Program Files\Java\jdk-13.0.2\bin\sunec.dll
0x00007ffa51a50000 - 0x00007ffa51a68000 	C:\WINDOWS\SYSTEM32\CRYPTSP.dll
0x00007ffa51220000 - 0x00007ffa51254000 	C:\WINDOWS\system32\rsaenh.dll
0x00007ffa51a70000 - 0x00007ffa51a7c000 	C:\WINDOWS\SYSTEM32\CRYPTBASE.dll
0x00007ffa49ef0000 - 0x00007ffa49f07000 	C:\WINDOWS\SYSTEM32\dhcpcsvc6.DLL
0x00007ffa4c290000 - 0x00007ffa4c2ad000 	C:\WINDOWS\SYSTEM32\dhcpcsvc.DLL
0x00007ffa4cb00000 - 0x00007ffa4cb0e000 	C:\Program Files\Java\jdk-13.0.2\bin\sunmscapi.dll
0x00007ffa52250000 - 0x00007ffa523a6000 	C:\WINDOWS\System32\CRYPT32.dll
0x00007ffa51bd0000 - 0x00007ffa51bf7000 	C:\WINDOWS\SYSTEM32\ncrypt.dll
0x00007ffa51b90000 - 0x00007ffa51bcb000 	C:\WINDOWS\SYSTEM32\NTASN1.dll
0x00007ffa3c890000 - 0x00007ffa3c93c000 	C:\WINDOWS\SYSTEM32\TextShaping.dll

dbghelp: loaded successfully - version: 4.0.5 - missing functions: none
symbol engine: initialized successfully - sym options: 0x614 - pdb path: .;C:\Program Files\Java\jdk-13.0.2\bin;C:\WINDOWS\SYSTEM32;C:\WINDOWS\WinSxS\amd64_microsoft.windows.common-controls_6595b64144ccf1df_6.0.19041.746_none_ca02b4b61b8320a4;C:\Program Files\Java\jdk-13.0.2\bin\server;C:\WINDOWS\System32\DriverStore\FileRepository\c0357018.inf_amd64_f26a13271ebde80b\B354982

VM Arguments:
jvm_args: -Dfile.encoding=Cp1252 --module-path=C:\temporal\App Cafeteria\librerias\mysql-connector-java-5.1.48.jar;C:\temporal\App Cafeteria\librerias\libreriaSalidas.jar;C:\temporal\App Cafeteria\librerias\Utileria.jar;C:\temporal\App Cafeteria\librerias\jcalendar-1.2.2.jar 
java_command: vista.VentanaPrueba
java_class_path (initial): C:\temporal\App Cafeteria\bin
Launcher Type: SUN_STANDARD

[Global flags]
     intx CICompilerCount                          = 2                                         {product} {ergonomic}
     uint ConcGCThreads                            = 1                                         {product} {ergonomic}
     uint G1ConcRefinementThreads                  = 2                                         {product} {ergonomic}
   size_t G1HeapRegionSize                         = 1048576                                   {product} {ergonomic}
    uintx GCDrainStackTargetSize                   = 64                                        {product} {ergonomic}
   size_t InitialHeapSize                          = 67108864                                  {product} {ergonomic}
   size_t MarkStackSize                            = 4194304                                   {product} {ergonomic}
   size_t MaxHeapSize                              = 1044381696                                {product} {ergonomic}
   size_t MaxNewSize                               = 625999872                                 {product} {ergonomic}
   size_t MinHeapDeltaBytes                        = 1048576                                   {product} {ergonomic}
   size_t MinHeapSize                              = 8388608                                   {product} {ergonomic}
    uintx NonNMethodCodeHeapSize                   = 5826188                                {pd product} {ergonomic}
    uintx NonProfiledCodeHeapSize                  = 122916026                              {pd product} {ergonomic}
    uintx ProfiledCodeHeapSize                     = 122916026                              {pd product} {ergonomic}
    uintx ReservedCodeCacheSize                    = 251658240                              {pd product} {ergonomic}
     bool SegmentedCodeCache                       = true                                      {product} {ergonomic}
   size_t SoftMaxHeapSize                          = 1044381696                             {manageable} {ergonomic}
     bool UseCompressedClassPointers               = true                                 {lp64_product} {ergonomic}
     bool UseCompressedOops                        = true                                 {lp64_product} {ergonomic}
     bool UseG1GC                                  = true                                      {product} {ergonomic}
     bool UseLargePagesIndividualAllocation        = false                                  {pd product} {ergonomic}

Logging:
Log output configuration:
 #0: stdout all=warning uptime,level,tags
 #1: stderr all=off uptime,level,tags

Environment Variables:
PATH=C:/Program Files/Java/jdk-13.0.2/bin/server;C:/Program Files/Java/jdk-13.0.2/bin;C:\app\Grudges\product\18.0.0\dbhomeXE\bin;C:\Program Files (x86)\Common Files\Oracle\Java\javapath;C:\Windows\system32;C:\Windows;C:\Windows\System32\Wbem;C:\Windows\System32\WindowsPowerShell\v1.0\;C:\Windows\System32\OpenSSH\;C:\Users\Grudges\AppData\Local\Microsoft\WindowsApps;C:\adb;C:\WINDOWS\system32;C:\WINDOWS;C:\WINDOWS\System32\Wbem;C:\WINDOWS\System32\WindowsPowerShell\v1.0\;C:\WINDOWS\System32\OpenSSH\;C:\Program Files\Microsoft SQL Server\Client SDK\ODBC\170\Tools\Binn\;C:\Program Files (x86)\Microsoft SQL Server\150\Tools\Binn\;C:\Program Files\Microsoft SQL Server\150\Tools\Binn\;C:\Program Files\Microsoft SQL Server\150\DTS\Binn\;C:\Program Files (x86)\Microsoft SQL Server\150\DTS\Binn\;C:\Users\Grudges\AppData\Local\Microsoft\WindowsApps;;C:\WINDOWS\System32;
USERNAME=Grudges
OS=Windows_NT
PROCESSOR_IDENTIFIER=AMD64 Family 21 Model 112 Stepping 0, AuthenticAMD



---------------  S Y S T E M  ---------------

OS: Windows 10 , 64 bit Build 19041 (10.0.19041.662)

CPU:total 2 (initial active 2) (2 cores per cpu, 1 threads per core) family 21 model 112 stepping 0, cmov, cx8, fxsr, mmx, sse, sse2, sse3, ssse3, sse4.1, sse4.2, popcnt, avx, avx2, aes, clmul, mmxext, 3dnowpref, lzcnt, sse4a, tsc, tscinvbit, tscinv, bmi1, bmi2, fma

Memory: 4k page, system-wide physical 3981M (348M free)
TotalPageFile size 13173M (AvailPageFile size 110M)
current process WorkingSet (physical memory assigned to process): 180M, peak: 216M
current process commit charge ("private bytes"): 209M, peak: 247M

vm_info: Java HotSpot(TM) 64-Bit Server VM (13.0.2+8) for windows-amd64 JRE (13.0.2+8), built on Dec 11 2019 09:20:33 by "mach5one" with unknown MS VC++:1916

END.
