#
# There is insufficient memory for the Java Runtime Environment to continue.
# Native memory allocation (mmap) failed to map 7340032 bytes for Failed to commit area from 0x00000000c6700000 to 0x00000000c6e00000 of length 7340032.
# Possible reasons:
#   The system is out of physical RAM or swap space
#   The process is running with CompressedOops enabled, and the Java Heap may be blocking the growth of the native heap
# Possible solutions:
#   Reduce memory load on the system
#   Increase physical memory or swap space
#   Check if swap backing store is full
#   Decrease Java heap size (-Xmx/-Xms)
#   Decrease number of Java threads
#   Decrease Java thread stack sizes (-Xss)
#   Set larger code cache with -XX:ReservedCodeCacheSize=
#   JVM is running with Unscaled Compressed Oops mode in which the Java heap is
#     placed in the first 4GB address space. The Java Heap base address is the
#     maximum limit for the native heap growth. Please use -XX:HeapBaseMinAddress
#     to set the Java Heap base and to place the Java Heap above 4GB virtual address.
# This output file may be truncated or incomplete.
#
#  Out of Memory Error (t:/workspace/open/src/hotspot/os/windows/os_windows.cpp:3301), pid=9500, tid=15596
#
# JRE version: Java(TM) SE Runtime Environment (13.0.2+8) (build 13.0.2+8)
# Java VM: Java HotSpot(TM) 64-Bit Server VM (13.0.2+8, mixed mode, sharing, tiered, compressed oops, g1 gc, windows-amd64)
# No core dump will be written. Minidumps are not enabled by default on client versions of Windows
#

---------------  S U M M A R Y ------------

Command Line: -Dfile.encoding=Cp1252 --module-path=C:\temporal\App Cafeteria\librerias\mysql-connector-java-5.1.48.jar;C:\temporal\App Cafeteria\librerias\libreriaSalidas.jar;C:\temporal\App Cafeteria\librerias\Utileria.jar;C:\temporal\App Cafeteria\librerias\jcalendar-1.2.2.jar vista.VentanaPrueba

Host: AMD A9-9425 RADEON R5, 5 COMPUTE CORES 2C+3G   , 2 cores, 3G,  Windows 10 , 64 bit Build 19041 (10.0.19041.662)
Time: Mon Jan 25 01:56:26 2021 Hora estándar central (México) elapsed time: 302 seconds (0d 0h 5m 2s)

---------------  T H R E A D  ---------------

Current thread (0x00000254110ee000):  VMThread "VM Thread" [stack: 0x0000008527e00000,0x0000008527f00000] [id=15596]

Stack: [0x0000008527e00000,0x0000008527f00000]
[error occurred during error reporting (printing stack bounds), id 0xc0000005, EXCEPTION_ACCESS_VIOLATION (0xc0000005) at pc=0x00000254195210ad]

Native frames: (J=compiled Java code, j=interpreted, Vv=VM code, C=native code)
V  [jvm.dll+0x624f9a]
V  [jvm.dll+0x770cfa]
V  [jvm.dll+0x7724af]
V  [jvm.dll+0x772a15]
V  [jvm.dll+0x7729cb]
V  [jvm.dll+0x6244df]
C  [ntdll.dll+0x783dc]
C  [ntdll.dll+0x4b406]
C  [ntdll.dll+0x9fe3e]
C  0x00000254195210ad

VM_Operation (0x0000008527aff950): G1Concurrent, mode: safepoint, requested by thread 0x0000025411085800


---------------  P R O C E S S  ---------------

Threads class SMR info:
_java_thread_list=0x00000254332e5d10, length=16, elements={
0x000002542cbcd800, 0x000002542cbdd000, 0x000002542cbed800, 0x000002542cbf0000,
0x000002542cbf1000, 0x000002542cc24000, 0x000002542d590800, 0x000002542d630000,
0x000002542d71c000, 0x000002542d836800, 0x000002542d837800, 0x000002542d8a0000,
0x000002542d8f6000, 0x000002541104c000, 0x000002542dfde800, 0x0000025432fc9800
}

Java Threads: ( => current thread )
  0x000002542cbcd800 JavaThread "Reference Handler" daemon [_thread_blocked, id=15852, stack(0x0000008527f00000,0x0000008528000000)]
  0x000002542cbdd000 JavaThread "Finalizer" daemon [_thread_blocked, id=2740, stack(0x0000008528000000,0x0000008528100000)]
  0x000002542cbed800 JavaThread "Signal Dispatcher" daemon [_thread_blocked, id=3904, stack(0x0000008528100000,0x0000008528200000)]
  0x000002542cbf0000 JavaThread "Attach Listener" daemon [_thread_blocked, id=15592, stack(0x0000008528200000,0x0000008528300000)]
  0x000002542cbf1000 JavaThread "C2 CompilerThread0" daemon [_thread_blocked, id=16224, stack(0x0000008528300000,0x0000008528400000)]
  0x000002542cc24000 JavaThread "C1 CompilerThread0" daemon [_thread_blocked, id=5024, stack(0x0000008528400000,0x0000008528500000)]
  0x000002542d590800 JavaThread "Sweeper thread" daemon [_thread_blocked, id=4672, stack(0x0000008528500000,0x0000008528600000)]
  0x000002542d630000 JavaThread "Common-Cleaner" daemon [_thread_blocked, id=16600, stack(0x0000008528600000,0x0000008528700000)]
  0x000002542d71c000 JavaThread "Service Thread" daemon [_thread_blocked, id=16980, stack(0x0000008528700000,0x0000008528800000)]
  0x000002542d836800 JavaThread "Java2D Disposer" daemon [_thread_blocked, id=15776, stack(0x0000008528900000,0x0000008528a00000)]
  0x000002542d837800 JavaThread "AWT-Shutdown" [_thread_blocked, id=14488, stack(0x0000008528a00000,0x0000008528b00000)]
  0x000002542d8a0000 JavaThread "AWT-Windows" daemon [_thread_blocked, id=13556, stack(0x0000008528b00000,0x0000008528c00000)]
  0x000002542d8f6000 JavaThread "AWT-EventQueue-0" [_thread_blocked, id=6040, stack(0x0000008528c00000,0x0000008528d00000)]
  0x000002541104c000 JavaThread "DestroyJavaVM" [_thread_blocked, id=12144, stack(0x0000008527800000,0x0000008527900000)]
  0x000002542dfde800 JavaThread "D3D Screen Updater" daemon [_thread_blocked, id=16644, stack(0x0000008529900000,0x0000008529a00000)]
  0x0000025432fc9800 JavaThread "mysql-cj-abandoned-connection-cleanup" daemon [_thread_blocked, id=9752, stack(0x0000008529b00000,0x0000008529c00000)]

Other Threads:
=>0x00000254110ee000 VMThread "VM Thread" [stack: 0x0000008527e00000,0x0000008527f00000] [id=15596]
  0x000002542d703000 WatcherThread [stack: 0x0000008528800000,0x0000008528900000] [id=12556]
  0x000002541107c000 GCTaskThread "GC Thread#0" [stack: 0x0000008527900000,0x0000008527a00000] [id=9180]
  0x000002542df21800 GCTaskThread "GC Thread#1" [stack: 0x0000008529400000,0x0000008529500000] [id=8312]
  0x0000025411085800 ConcurrentGCThread "G1 Main Marker" [stack: 0x0000008527a00000,0x0000008527b00000] [id=11560]
  0x0000025411087800 ConcurrentGCThread "G1 Conc#0" [stack: 0x0000008527b00000,0x0000008527c00000] [id=12180]
  0x00000254110d7800 ConcurrentGCThread "G1 Refine#0" [stack: 0x0000008527c00000,0x0000008527d00000] [id=17144]
  0x000002542d655000 ConcurrentGCThread "G1 Refine#1" [stack: 0x0000008529500000,0x0000008529600000] [id=12572]
  0x00000254110d8800 ConcurrentGCThread "G1 Young RemSet Sampling" [stack: 0x0000008527d00000,0x0000008527e00000] [id=8692]

Threads with active compile tasks:

VM state:at safepoint (normal execution)

VM Mutex/Monitor currently owned by a thread:  ([mutex/lock_event])
[0x0000025411047510] Threads_lock - owner thread: 0x00000254110ee000
[0x00000254110471b0] Heap_lock - owner thread: 0x0000025411085800

Heap address: 0x00000000c1c00000, size: 996 MB, Compressed Oops mode: 32-bit
Narrow klass base: 0x0000000800000000, Narrow klass shift: 3
Compressed class space size: 1073741824 Address: 0x0000000800b40000

Heap:
 garbage-first heap   total 83968K, used 48247K [0x00000000c1c00000, 0x0000000100000000)
  region size 1024K, 4 young (4096K), 3 survivors (3072K)
 Metaspace       used 20665K, capacity 21096K, committed 21296K, reserved 1069056K
  class space    used 2411K, capacity 2585K, committed 2688K, reserved 1048576K
Heap Regions: E=young(eden), S=young(survivor), O=old, HS=humongous(starts), HC=humongous(continues), CS=collection set, F=free, A=archive, TAMS=top-at-mark-start (previous, next)
|   0|0x00000000c1c00000, 0x00000000c1d00000, 0x00000000c1d00000|100%|HS|  |TAMS 0x00000000c1d00000, 0x00000000c1c00000| Complete 
|   1|0x00000000c1d00000, 0x00000000c1e00000, 0x00000000c1e00000|100%|HC|  |TAMS 0x00000000c1e00000, 0x00000000c1d00000| Complete 
|   2|0x00000000c1e00000, 0x00000000c1f00000, 0x00000000c1f00000|100%|HC|  |TAMS 0x00000000c1f00000, 0x00000000c1e00000| Complete 
|   3|0x00000000c1f00000, 0x00000000c2000000, 0x00000000c2000000|100%|HC|  |TAMS 0x00000000c2000000, 0x00000000c1f00000| Complete 
|   4|0x00000000c2000000, 0x00000000c2100000, 0x00000000c2100000|100%| O|  |TAMS 0x00000000c2100000, 0x00000000c2000000| Updating 
|   5|0x00000000c2100000, 0x00000000c2200000, 0x00000000c2200000|100%| O|  |TAMS 0x00000000c2200000, 0x00000000c2100000| Updating 
|   6|0x00000000c2200000, 0x00000000c2300000, 0x00000000c2300000|100%|HS|  |TAMS 0x00000000c2300000, 0x00000000c2200000| Complete 
|   7|0x00000000c2300000, 0x00000000c2400000, 0x00000000c2400000|100%|HC|  |TAMS 0x00000000c2400000, 0x00000000c2300000| Complete 
|   8|0x00000000c2400000, 0x00000000c2500000, 0x00000000c2500000|100%|HC|  |TAMS 0x00000000c2500000, 0x00000000c2400000| Complete 
|   9|0x00000000c2500000, 0x00000000c2600000, 0x00000000c2600000|100%| O|  |TAMS 0x00000000c2600000, 0x00000000c2500000| Updating 
|  10|0x00000000c2600000, 0x00000000c2700000, 0x00000000c2700000|100%|HS|  |TAMS 0x00000000c2700000, 0x00000000c2600000| Complete 
|  11|0x00000000c2700000, 0x00000000c2800000, 0x00000000c2800000|100%|HC|  |TAMS 0x00000000c2800000, 0x00000000c2700000| Complete 
|  12|0x00000000c2800000, 0x00000000c2900000, 0x00000000c2900000|100%|HC|  |TAMS 0x00000000c2900000, 0x00000000c2800000| Complete 
|  13|0x00000000c2900000, 0x00000000c2a00000, 0x00000000c2a00000|100%|HC|  |TAMS 0x00000000c2a00000, 0x00000000c2900000| Complete 
|  14|0x00000000c2a00000, 0x00000000c2b00000, 0x00000000c2b00000|100%|HS|  |TAMS 0x00000000c2b00000, 0x00000000c2a00000| Complete 
|  15|0x00000000c2b00000, 0x00000000c2c00000, 0x00000000c2c00000|100%|HC|  |TAMS 0x00000000c2c00000, 0x00000000c2b00000| Complete 
|  16|0x00000000c2c00000, 0x00000000c2d00000, 0x00000000c2d00000|100%|HS|  |TAMS 0x00000000c2d00000, 0x00000000c2c00000| Complete 
|  17|0x00000000c2d00000, 0x00000000c2e00000, 0x00000000c2e00000|100%|HC|  |TAMS 0x00000000c2e00000, 0x00000000c2d00000| Complete 
|  18|0x00000000c2e00000, 0x00000000c2f00000, 0x00000000c2f00000|100%|HS|  |TAMS 0x00000000c2f00000, 0x00000000c2e00000| Complete 
|  19|0x00000000c2f00000, 0x00000000c3000000, 0x00000000c3000000|100%| O|  |TAMS 0x00000000c2f00000, 0x00000000c2f00000| Untracked 
|  20|0x00000000c3000000, 0x00000000c301de00, 0x00000000c3100000| 11%| O|  |TAMS 0x00000000c3000000, 0x00000000c3000000| Updating 
|  21|0x00000000c3100000, 0x00000000c3100000, 0x00000000c3200000|  0%| F|  |TAMS 0x00000000c3100000, 0x00000000c3100000| Untracked 
|  22|0x00000000c3200000, 0x00000000c3200000, 0x00000000c3300000|  0%| F|  |TAMS 0x00000000c3200000, 0x00000000c3200000| Untracked 
|  23|0x00000000c3300000, 0x00000000c3400000, 0x00000000c3400000|100%|HS|  |TAMS 0x00000000c3400000, 0x00000000c3300000| Complete 
|  24|0x00000000c3400000, 0x00000000c3500000, 0x00000000c3500000|100%|HC|  |TAMS 0x00000000c3500000, 0x00000000c3400000| Complete 
|  25|0x00000000c3500000, 0x00000000c3600000, 0x00000000c3600000|100%|HC|  |TAMS 0x00000000c3600000, 0x00000000c3500000| Complete 
|  26|0x00000000c3600000, 0x00000000c3700000, 0x00000000c3700000|100%|HC|  |TAMS 0x00000000c3700000, 0x00000000c3600000| Complete 
|  27|0x00000000c3700000, 0x00000000c3800000, 0x00000000c3800000|100%|HS|  |TAMS 0x00000000c3800000, 0x00000000c3700000| Complete 
|  28|0x00000000c3800000, 0x00000000c3900000, 0x00000000c3900000|100%|HC|  |TAMS 0x00000000c3900000, 0x00000000c3800000| Complete 
|  29|0x00000000c3900000, 0x00000000c3a00000, 0x00000000c3a00000|100%|HC|  |TAMS 0x00000000c3a00000, 0x00000000c3900000| Complete 
|  30|0x00000000c3a00000, 0x00000000c3b00000, 0x00000000c3b00000|100%|HC|  |TAMS 0x00000000c3b00000, 0x00000000c3a00000| Complete 
|  31|0x00000000c3b00000, 0x00000000c3c00000, 0x00000000c3c00000|100%| O|  |TAMS 0x00000000c3c00000, 0x00000000c3b00000| Updating 
|  32|0x00000000c3c00000, 0x00000000c3d00000, 0x00000000c3d00000|100%| O|  |TAMS 0x00000000c3d00000, 0x00000000c3c00000| Updating 
|  33|0x00000000c3d00000, 0x00000000c3e00000, 0x00000000c3e00000|100%|HS|  |TAMS 0x00000000c3e00000, 0x00000000c3d00000| Complete 
|  34|0x00000000c3e00000, 0x00000000c3f00000, 0x00000000c3f00000|100%|HC|  |TAMS 0x00000000c3f00000, 0x00000000c3e00000| Complete 
|  35|0x00000000c3f00000, 0x00000000c4000000, 0x00000000c4000000|100%|HC|  |TAMS 0x00000000c4000000, 0x00000000c3f00000| Complete 
|  36|0x00000000c4000000, 0x00000000c4100000, 0x00000000c4100000|100%|HC|  |TAMS 0x00000000c4100000, 0x00000000c4000000| Complete 
|  37|0x00000000c4100000, 0x00000000c4200000, 0x00000000c4200000|100%| O|  |TAMS 0x00000000c4200000, 0x00000000c4100000| Updating 
|  38|0x00000000c4200000, 0x00000000c4300000, 0x00000000c4300000|100%| O|  |TAMS 0x00000000c4227200, 0x00000000c4200000| Untracked 
|  39|0x00000000c4300000, 0x00000000c4400000, 0x00000000c4400000|100%|HS|  |TAMS 0x00000000c4400000, 0x00000000c4300000| Complete 
|  40|0x00000000c4400000, 0x00000000c4500000, 0x00000000c4500000|100%|HC|  |TAMS 0x00000000c4500000, 0x00000000c4400000| Complete 
|  41|0x00000000c4500000, 0x00000000c4600000, 0x00000000c4600000|100%|HC|  |TAMS 0x00000000c4600000, 0x00000000c4500000| Complete 
|  42|0x00000000c4600000, 0x00000000c4700000, 0x00000000c4700000|100%|HC|  |TAMS 0x00000000c4700000, 0x00000000c4600000| Complete 
|  43|0x00000000c4700000, 0x00000000c4800000, 0x00000000c4800000|100%|HS|  |TAMS 0x00000000c4700000, 0x00000000c4700000| Complete 
|  44|0x00000000c4800000, 0x00000000c4900000, 0x00000000c4900000|100%|HC|  |TAMS 0x00000000c4800000, 0x00000000c4800000| Complete 
|  45|0x00000000c4900000, 0x00000000c4a00000, 0x00000000c4a00000|100%|HC|  |TAMS 0x00000000c4900000, 0x00000000c4900000| Complete 
|  46|0x00000000c4a00000, 0x00000000c4b00000, 0x00000000c4b00000|100%|HC|  |TAMS 0x00000000c4a00000, 0x00000000c4a00000| Complete 
|  47|0x00000000c4b00000, 0x00000000c4b00000, 0x00000000c4c00000|  0%| F|  |TAMS 0x00000000c4b00000, 0x00000000c4b00000| Untracked 
|  48|0x00000000c4c00000, 0x00000000c4c00000, 0x00000000c4d00000|  0%| F|  |TAMS 0x00000000c4c00000, 0x00000000c4c00000| Untracked 
|  49|0x00000000c4d00000, 0x00000000c4d00000, 0x00000000c4e00000|  0%| F|  |TAMS 0x00000000c4d00000, 0x00000000c4d00000| Untracked 
|  50|0x00000000c4e00000, 0x00000000c4e00000, 0x00000000c4f00000|  0%| F|  |TAMS 0x00000000c4e00000, 0x00000000c4e00000| Untracked 
|  51|0x00000000c4f00000, 0x00000000c4f00000, 0x00000000c5000000|  0%| F|  |TAMS 0x00000000c4f00000, 0x00000000c4f00000| Untracked 
|  52|0x00000000c5000000, 0x00000000c5000000, 0x00000000c5100000|  0%| F|  |TAMS 0x00000000c5000000, 0x00000000c5000000| Untracked 
|  53|0x00000000c5100000, 0x00000000c5100000, 0x00000000c5200000|  0%| F|  |TAMS 0x00000000c5100000, 0x00000000c5100000| Untracked 
|  54|0x00000000c5200000, 0x00000000c5300000, 0x00000000c5300000|100%| S|CS|TAMS 0x00000000c5200000, 0x00000000c5200000| Complete 
|  55|0x00000000c5300000, 0x00000000c5400000, 0x00000000c5400000|100%| S|CS|TAMS 0x00000000c5300000, 0x00000000c5300000| Complete 
|  56|0x00000000c5400000, 0x00000000c5500000, 0x00000000c5500000|100%| S|CS|TAMS 0x00000000c5400000, 0x00000000c5400000| Complete 
|  57|0x00000000c5500000, 0x00000000c5500000, 0x00000000c5600000|  0%| F|  |TAMS 0x00000000c5500000, 0x00000000c5500000| Untracked 
|  58|0x00000000c5600000, 0x00000000c5600000, 0x00000000c5700000|  0%| F|  |TAMS 0x00000000c5600000, 0x00000000c5600000| Untracked 
|  59|0x00000000c5700000, 0x00000000c5700000, 0x00000000c5800000|  0%| F|  |TAMS 0x00000000c5700000, 0x00000000c5700000| Untracked 
|  60|0x00000000c5800000, 0x00000000c5800000, 0x00000000c5900000|  0%| F|  |TAMS 0x00000000c5800000, 0x00000000c5800000| Untracked 
|  61|0x00000000c5900000, 0x00000000c5900000, 0x00000000c5a00000|  0%| F|  |TAMS 0x00000000c5900000, 0x00000000c5900000| Untracked 
|  62|0x00000000c5a00000, 0x00000000c5a00000, 0x00000000c5b00000|  0%| F|  |TAMS 0x00000000c5a00000, 0x00000000c5a00000| Untracked 
|  63|0x00000000c5b00000, 0x00000000c5b00000, 0x00000000c5c00000|  0%| F|  |TAMS 0x00000000c5b00000, 0x00000000c5b00000| Untracked 
|  64|0x00000000c5c00000, 0x00000000c5c00000, 0x00000000c5d00000|  0%| F|  |TAMS 0x00000000c5c00000, 0x00000000c5c00000| Untracked 
|  65|0x00000000c5d00000, 0x00000000c5d00000, 0x00000000c5e00000|  0%| F|  |TAMS 0x00000000c5d00000, 0x00000000c5d00000| Untracked 
|  66|0x00000000c5e00000, 0x00000000c5e00000, 0x00000000c5f00000|  0%| F|  |TAMS 0x00000000c5e00000, 0x00000000c5e00000| Untracked 
|  67|0x00000000c5f00000, 0x00000000c5f00000, 0x00000000c6000000|  0%| F|  |TAMS 0x00000000c5f00000, 0x00000000c5f00000| Untracked 
|  68|0x00000000c6000000, 0x00000000c6000000, 0x00000000c6100000|  0%| F|  |TAMS 0x00000000c6000000, 0x00000000c6000000| Untracked 
|  69|0x00000000c6100000, 0x00000000c6100000, 0x00000000c6200000|  0%| F|  |TAMS 0x00000000c6100000, 0x00000000c6100000| Untracked 
|  70|0x00000000c6200000, 0x00000000c6200000, 0x00000000c6300000|  0%| F|  |TAMS 0x00000000c6200000, 0x00000000c6200000| Untracked 
|  71|0x00000000c6300000, 0x00000000c6300000, 0x00000000c6400000|  0%| F|  |TAMS 0x00000000c6300000, 0x00000000c6300000| Untracked 
|  72|0x00000000c6400000, 0x00000000c6400000, 0x00000000c6500000|  0%| F|  |TAMS 0x00000000c6400000, 0x00000000c6400000| Untracked 
|  73|0x00000000c6500000, 0x00000000c6500000, 0x00000000c6600000|  0%| F|  |TAMS 0x00000000c6500000, 0x00000000c6500000| Untracked 
|  74|0x00000000c6600000, 0x00000000c662ccf0, 0x00000000c6700000| 17%| E|  |TAMS 0x00000000c6600000, 0x00000000c6600000| Complete 

Card table byte_map: [0x0000025428520000,0x0000025428720000] _byte_map_base: 0x0000025427f12000

Marking Bits (Prev, Next): (CMBitMap*) 0x000002541107cef8, (CMBitMap*) 0x000002541107cf38
 Prev Bits: [0x0000025428920000, 0x00000254298b0000)
 Next Bits: [0x00000254298b0000, 0x000002542a840000)

Polling page: 0x000002540efe0000

Metaspace:

Usage:
  Non-class:     18.08 MB capacity,    17.83 MB ( 99%) used,   213.50 KB (  1%) free+waste,    43.19 KB ( <1%) overhead. 
      Class:      2.52 MB capacity,     2.36 MB ( 93%) used,   150.65 KB (  6%) free+waste,    22.75 KB ( <1%) overhead. 
       Both:     20.60 MB capacity,    20.18 MB ( 98%) used,   364.15 KB (  2%) free+waste,    65.94 KB ( <1%) overhead. 

Virtual space:
  Non-class space:       20.00 MB reserved,      18.17 MB ( 91%) committed 
      Class space:        1.00 GB reserved,       2.63 MB ( <1%) committed 
             Both:        1.02 GB reserved,      20.80 MB (  2%) committed 

Chunk freelists:
   Non-Class:  49.00 KB
       Class:  7.00 KB
        Both:  56.00 KB

MaxMetaspaceSize: 17179869184.00 GB
CompressedClassSpaceSize: 1.00 GB

CodeHeap 'non-profiled nmethods': size=120064Kb used=979Kb max_used=979Kb free=119084Kb
 bounds [0x0000025420fe0000, 0x0000025421250000, 0x0000025428520000]
CodeHeap 'profiled nmethods': size=120000Kb used=5314Kb max_used=5314Kb free=114685Kb
 bounds [0x0000025419ab0000, 0x0000025419ff0000, 0x0000025420fe0000]
CodeHeap 'non-nmethods': size=5696Kb used=1402Kb max_used=1416Kb free=4293Kb
 bounds [0x0000025419520000, 0x0000025419790000, 0x0000025419ab0000]
 total_blobs=4167 nmethods=2433 adapters=624
 compilation: enabled
              stopped_count=0, restarted_count=0
 full_count=0

Compilation events (20 events):
Event: 135.039 Thread 0x000002542cc24000 2601       3       java.net.URLStreamHandler::parseURL (1201 bytes)
Event: 135.080 Thread 0x000002542cc24000 nmethod 2601 0x0000025419fcce10 code [0x0000025419fce0a0, 0x0000025419fd9790]
Event: 135.080 Thread 0x000002542cc24000 2602       3       sun.net.www.protocol.file.Handler::parseURL (18 bytes)
Event: 135.080 Thread 0x000002542cc24000 nmethod 2602 0x0000025419fddb10 code [0x0000025419fddcc0, 0x0000025419fddee0]
Event: 145.076 Thread 0x000002542cc24000 2603       3       java.net.URL::<init> (8 bytes)
Event: 145.076 Thread 0x000002542cc24000 nmethod 2603 0x0000025419fde010 code [0x0000025419fde1c0, 0x0000025419fde370]
Event: 145.076 Thread 0x000002542cc24000 2604       3       sun.net.www.ParseUtil::firstEncodeIndex (86 bytes)
Event: 145.077 Thread 0x000002542cc24000 nmethod 2604 0x0000025419fde410 code [0x0000025419fde660, 0x0000025419fdf070]
Event: 225.469 Thread 0x000002542cc24000 2605       3       jdk.internal.loader.BuiltinClassLoader::hasClassPath (13 bytes)
Event: 225.469 Thread 0x000002542cc24000 nmethod 2605 0x0000025419fdf410 code [0x0000025419fdf5c0, 0x0000025419fdf798]
Event: 250.181 Thread 0x000002542cbf1000 2606       4       java.util.Arrays::copyOf (40 bytes)
Event: 250.187 Thread 0x000002542cbf1000 nmethod 2606 0x00000254210d3910 code [0x00000254210d3ac0, 0x00000254210d3ef8]
Event: 264.601 Thread 0x000002542cbf1000 2607       4       java.util.Arrays::copyOf (40 bytes)
Event: 264.609 Thread 0x000002542cbf1000 nmethod 2607 0x00000254210d4190 code [0x00000254210d4320, 0x00000254210d47b8]
Event: 270.670 Thread 0x000002542cc24000 2608       3       jdk.internal.module.Resources::toPackageName (39 bytes)
Event: 270.671 Thread 0x000002542cc24000 nmethod 2608 0x0000025419fdf810 code [0x0000025419fdfa40, 0x0000025419fe0120]
Event: 291.033 Thread 0x000002542cc24000 2609       3       jdk.internal.loader.BuiltinClassLoader::checkURL (5 bytes)
Event: 291.034 Thread 0x000002542cc24000 nmethod 2609 0x0000025419fe0390 code [0x0000025419fe0540, 0x0000025419fe0790]
Event: 291.034 Thread 0x000002542cc24000 2610   !   3       jdk.internal.loader.URLClassPath::checkURL (16 bytes)
Event: 291.034 Thread 0x000002542cc24000 nmethod 2610 0x0000025419fe0890 code [0x0000025419fe0a40, 0x0000025419fe0c50]

GC Heap History (16 events):
Event: 3.143 GC heap before
{Heap before GC invocations=0 (full 0):
 garbage-first heap   total 65536K, used 11264K [0x00000000c1c00000, 0x0000000100000000)
  region size 1024K, 7 young (7168K), 0 survivors (0K)
 Metaspace       used 5375K, capacity 5621K, committed 5888K, reserved 1056768K
  class space    used 586K, capacity 717K, committed 768K, reserved 1048576K
}
Event: 3.153 GC heap after
{Heap after GC invocations=1 (full 0):
 garbage-first heap   total 65536K, used 6463K [0x00000000c1c00000, 0x0000000100000000)
  region size 1024K, 1 young (1024K), 1 survivors (1024K)
 Metaspace       used 5375K, capacity 5621K, committed 5888K, reserved 1056768K
  class space    used 586K, capacity 717K, committed 768K, reserved 1048576K
}
Event: 3.469 GC heap before
{Heap before GC invocations=1 (full 0):
 garbage-first heap   total 65536K, used 13631K [0x00000000c1c00000, 0x0000000100000000)
  region size 1024K, 5 young (5120K), 1 survivors (1024K)
 Metaspace       used 5425K, capacity 5688K, committed 5888K, reserved 1056768K
  class space    used 586K, capacity 717K, committed 768K, reserved 1048576K
}
Event: 3.474 GC heap after
{Heap after GC invocations=2 (full 0):
 garbage-first heap   total 65536K, used 9960K [0x00000000c1c00000, 0x0000000100000000)
  region size 1024K, 1 young (1024K), 1 survivors (1024K)
 Metaspace       used 5425K, capacity 5688K, committed 5888K, reserved 1056768K
  class space    used 586K, capacity 717K, committed 768K, reserved 1048576K
}
Event: 5.873 GC heap before
{Heap before GC invocations=2 (full 0):
 garbage-first heap   total 65536K, used 39656K [0x00000000c1c00000, 0x0000000100000000)
  region size 1024K, 13 young (13312K), 1 survivors (1024K)
 Metaspace       used 6017K, capacity 6368K, committed 6528K, reserved 1056768K
  class space    used 656K, capacity 813K, committed 896K, reserved 1048576K
}
Event: 5.875 GC heap after
{Heap after GC invocations=3 (full 0):
 garbage-first heap   total 65536K, used 23205K [0x00000000c1c00000, 0x0000000100000000)
  region size 1024K, 1 young (1024K), 1 survivors (1024K)
 Metaspace       used 6017K, capacity 6368K, committed 6528K, reserved 1056768K
  class space    used 656K, capacity 813K, committed 896K, reserved 1048576K
}
Event: 12.538 GC heap before
{Heap before GC invocations=3 (full 0):
 garbage-first heap   total 65536K, used 38565K [0x00000000c1c00000, 0x0000000100000000)
  region size 1024K, 13 young (13312K), 1 survivors (1024K)
 Metaspace       used 10745K, capacity 11021K, committed 11264K, reserved 1058816K
  class space    used 1320K, capacity 1467K, committed 1536K, reserved 1048576K
}
Event: 12.545 GC heap after
{Heap after GC invocations=4 (full 0):
 garbage-first heap   total 65536K, used 29681K [0x00000000c1c00000, 0x0000000100000000)
  region size 1024K, 3 young (3072K), 3 survivors (3072K)
 Metaspace       used 10745K, capacity 11021K, committed 11264K, reserved 1058816K
  class space    used 1320K, capacity 1467K, committed 1536K, reserved 1048576K
}
Event: 15.536 GC heap before
{Heap before GC invocations=5 (full 0):
 garbage-first heap   total 65536K, used 41969K [0x00000000c1c00000, 0x0000000100000000)
  region size 1024K, 12 young (12288K), 3 survivors (3072K)
 Metaspace       used 11054K, capacity 11309K, committed 11520K, reserved 1058816K
  class space    used 1360K, capacity 1499K, committed 1536K, reserved 1048576K
}
Event: 15.545 GC heap after
{Heap after GC invocations=6 (full 0):
 garbage-first heap   total 65536K, used 30988K [0x00000000c1c00000, 0x0000000100000000)
  region size 1024K, 2 young (2048K), 2 survivors (2048K)
 Metaspace       used 11054K, capacity 11309K, committed 11520K, reserved 1058816K
  class space    used 1360K, capacity 1499K, committed 1536K, reserved 1048576K
}
Event: 16.916 GC heap before
{Heap before GC invocations=7 (full 0):
 garbage-first heap   total 68608K, used 43276K [0x00000000c1c00000, 0x0000000100000000)
  region size 1024K, 7 young (7168K), 2 survivors (2048K)
 Metaspace       used 11073K, capacity 11373K, committed 11520K, reserved 1058816K
  class space    used 1361K, capacity 1499K, committed 1536K, reserved 1048576K
}
Event: 16.919 GC heap after
{Heap after GC invocations=8 (full 0):
 garbage-first heap   total 68608K, used 35066K [0x00000000c1c00000, 0x0000000100000000)
  region size 1024K, 1 young (1024K), 1 survivors (1024K)
 Metaspace       used 11073K, capacity 11373K, committed 11520K, reserved 1058816K
  class space    used 1361K, capacity 1499K, committed 1536K, reserved 1048576K
}
Event: 18.889 GC heap before
{Heap before GC invocations=9 (full 0):
 garbage-first heap   total 76800K, used 56570K [0x00000000c1c00000, 0x0000000100000000)
  region size 1024K, 15 young (15360K), 1 survivors (1024K)
 Metaspace       used 12038K, capacity 12326K, committed 12416K, reserved 1060864K
  class space    used 1455K, capacity 1607K, committed 1664K, reserved 1048576K
}
Event: 18.894 GC heap after
{Heap after GC invocations=10 (full 0):
 garbage-first heap   total 76800K, used 40363K [0x00000000c1c00000, 0x0000000100000000)
  region size 1024K, 2 young (2048K), 2 survivors (2048K)
 Metaspace       used 12038K, capacity 12326K, committed 12416K, reserved 1060864K
  class space    used 1455K, capacity 1607K, committed 1664K, reserved 1048576K
}
Event: 301.510 GC heap before
{Heap before GC invocations=10 (full 0):
 garbage-first heap   total 76800K, used 54699K [0x00000000c1c00000, 0x0000000100000000)
  region size 1024K, 18 young (18432K), 2 survivors (2048K)
 Metaspace       used 20665K, capacity 21096K, committed 21296K, reserved 1069056K
  class space    used 2411K, capacity 2585K, committed 2688K, reserved 1048576K
}
Event: 301.530 GC heap after
{Heap after GC invocations=11 (full 0):
 garbage-first heap   total 76800K, used 44151K [0x00000000c1c00000, 0x0000000100000000)
  region size 1024K, 3 young (3072K), 3 survivors (3072K)
 Metaspace       used 20665K, capacity 21096K, committed 21296K, reserved 1069056K
  class space    used 2411K, capacity 2585K, committed 2688K, reserved 1048576K
}

Deoptimization events (20 events):
Event: 20.206 Thread 0x000002542d8f6000 Uncommon trap: trap_request=0xffffff45 fr.pc=0x00000254210c05f0 relative=0x0000000000000130
Event: 20.206 Thread 0x000002542d8f6000 Uncommon trap: reason=unstable_if action=reinterpret pc=0x00000254210c05f0 method=java.lang.ThreadLocal$ThreadLocalMap.getEntry(Ljava/lang/ThreadLocal;)Ljava/lang/ThreadLocal$ThreadLocalMap$Entry; @ 29 c2
Event: 20.206 Thread 0x000002542d8f6000 DEOPT PACKING pc=0x00000254210c05f0 sp=0x0000008528cf8b70
Event: 20.206 Thread 0x000002542d8f6000 DEOPT UNPACKING pc=0x000002541956942f sp=0x0000008528cf8ab0 mode 2
Event: 20.448 Thread 0x000002542d8f6000 DEOPT PACKING pc=0x0000025419aed250 sp=0x0000008528cfb140
Event: 20.448 Thread 0x000002542d8f6000 DEOPT UNPACKING pc=0x000002541956994e sp=0x0000008528cfa5e0 mode 0
Event: 27.581 Thread 0x000002542d8f6000 Uncommon trap: trap_request=0xffffff45 fr.pc=0x0000025420ff9c90 relative=0x00000000000001d0
Event: 27.581 Thread 0x000002542d8f6000 Uncommon trap: reason=unstable_if action=reinterpret pc=0x0000025420ff9c90 method=java.io.WinNTFileSystem.normalize(Ljava/lang/String;)Ljava/lang/String; @ 128 c2
Event: 27.581 Thread 0x000002542d8f6000 DEOPT PACKING pc=0x0000025420ff9c90 sp=0x0000008528cfb250
Event: 27.581 Thread 0x000002542d8f6000 DEOPT UNPACKING pc=0x000002541956942f sp=0x0000008528cfb1c8 mode 2
Event: 27.841 Thread 0x000002542d8f6000 Uncommon trap: trap_request=0xffffff45 fr.pc=0x0000025421082a44 relative=0x00000000000001a4
Event: 27.841 Thread 0x000002542d8f6000 Uncommon trap: reason=unstable_if action=reinterpret pc=0x0000025421082a44 method=java.nio.Buffer.<init>(IIII)V @ 44 c2
Event: 27.841 Thread 0x000002542d8f6000 DEOPT PACKING pc=0x0000025421082a44 sp=0x0000008528cfc0e0
Event: 27.841 Thread 0x000002542d8f6000 DEOPT UNPACKING pc=0x000002541956942f sp=0x0000008528cfc040 mode 2
Event: 28.482 Thread 0x000002542d8f6000 DEOPT PACKING pc=0x0000025419e59164 sp=0x0000008528cfe3c0
Event: 28.482 Thread 0x000002542d8f6000 DEOPT UNPACKING pc=0x000002541956994e sp=0x0000008528cfd8e0 mode 1
Event: 250.285 Thread 0x000002542dfde800 Uncommon trap: trap_request=0xffffffcc fr.pc=0x00000254210d3dc8 relative=0x0000000000000308
Event: 250.286 Thread 0x000002542dfde800 Uncommon trap: reason=intrinsic_or_type_checked_inlining action=make_not_entrant pc=0x00000254210d3dc8 method=java.util.Arrays.copyOf([Ljava/lang/Object;ILjava/lang/Class;)[Ljava/lang/Object; @ 35 c2
Event: 250.286 Thread 0x000002542dfde800 DEOPT PACKING pc=0x00000254210d3dc8 sp=0x00000085299fed70
Event: 250.286 Thread 0x000002542dfde800 DEOPT UNPACKING pc=0x000002541956942f sp=0x00000085299fed00 mode 2

Classes unloaded (0 events):
No events

Classes redefined (0 events):
No events

Internal exceptions (20 events):
Event: 6.208 Thread 0x000002542d8f6000 Exception <a 'java/lang/ClassNotFoundException'{0x00000000c59100a8}: Tree> (0x00000000c59100a8) 
thrown [t:/workspace/open/src/hotspot/share/classfile/systemDictionary.cpp, line 232]
Event: 6.209 Thread 0x000002542d8f6000 Exception <a 'java/lang/ClassNotFoundException'{0x00000000c59105a0}: Tree> (0x00000000c59105a0) 
thrown [t:/workspace/open/src/hotspot/share/classfile/systemDictionary.cpp, line 232]
Event: 6.209 Thread 0x000002542d8f6000 Exception <a 'java/lang/ClassNotFoundException'{0x00000000c5910910}: javax/swing/JTreeCell> (0x00000000c5910910) 
thrown [t:/workspace/open/src/hotspot/share/classfile/systemDictionary.cpp, line 232]
Event: 6.209 Thread 0x000002542d8f6000 Exception <a 'java/lang/ClassNotFoundException'{0x00000000c5910c10}: TreeCell> (0x00000000c5910c10) 
thrown [t:/workspace/open/src/hotspot/share/classfile/systemDictionary.cpp, line 232]
Event: 6.209 Thread 0x000002542d8f6000 Exception <a 'java/lang/ClassNotFoundException'{0x00000000c5911210}: RootPane> (0x00000000c5911210) 
thrown [t:/workspace/open/src/hotspot/share/classfile/systemDictionary.cpp, line 232]
Event: 6.328 Thread 0x000002542d8f6000 Exception <a 'java/lang/NoSuchMethodError'{0x00000000c59a4c78}: 'void java.lang.invoke.DirectMethodHandle$Holder.invokeStaticInit(java.lang.Object)'> (0x00000000c59a4c78) 
thrown [t:/workspace/open/src/hotspot/share/interpreter/linkResolver.cpp, line 767]
Event: 6.349 Thread 0x000002542d8f6000 Exception <a 'java/lang/NoSuchMethodError'{0x00000000c59cb6b0}: 'java.lang.Object java.lang.invoke.Invokers$Holder.linkToTargetMethod(java.lang.Object, int, java.lang.Object)'> (0x00000000c59cb6b0) 
thrown [t:/workspace/open/src/hotspot/share/interpreter/linkResolver.cpp, line 767]
Event: 6.361 Thread 0x000002542d8f6000 Exception <a 'java/lang/ClassNotFoundException'{0x00000000c59d3640}: com/sun/swing/internal/plaf/synth/resources/spi/synthProvider> (0x00000000c59d3640) 
thrown [t:/workspace/open/src/hotspot/share/classfile/systemDictionary.cpp, line 232]
Event: 10.805 Thread 0x000002542de31800 Exception <a 'java/io/FileNotFoundException'{0x00000000c5a86910}> (0x00000000c5a86910) 
thrown [t:/workspace/open/src/hotspot/share/prims/jni.cpp, line 598]
Event: 10.808 Thread 0x000002542de31800 Exception <a 'java/io/FileNotFoundException'{0x00000000c5a87040}> (0x00000000c5a87040) 
thrown [t:/workspace/open/src/hotspot/share/prims/jni.cpp, line 598]
Event: 10.892 Thread 0x000002542de31800 Implicit null exception at 0x0000025421035f90 to 0x0000025421036476
Event: 15.553 Thread 0x000002542de31800 Implicit null exception at 0x000002542102ed8d to 0x000002542102eef6
Event: 20.181 Thread 0x000002542d8f6000 Exception <a 'java/lang/NoSuchMethodError'{0x00000000c5cac660}: 'java.lang.Object java.lang.invoke.DirectMethodHandle$Holder.invokeStaticInit(java.lang.Object, int, int, int, int)'> (0x00000000c5cac660) 
thrown [t:/workspace/open/src/hotspot/share/interpreter/linkResolver.cpp, line 767]
Event: 20.187 Thread 0x000002542d8f6000 Exception <a 'sun/nio/fs/WindowsException'{0x00000000c5cb2618}> (0x00000000c5cb2618) 
thrown [t:/workspace/open/src/hotspot/share/prims/jni.cpp, line 598]
Event: 20.236 Thread 0x000002542d8f6000 Exception <a 'java/lang/NoSuchMethodError'{0x00000000c5cd4a98}: 'int java.lang.invoke.DirectMethodHandle$Holder.invokeStaticInit(java.lang.Object, java.lang.Object, java.lang.Object, java.lang.Object)'> (0x00000000c5cd4a98) 
thrown [t:/workspace/open/src/hotspot/share/interpreter/linkResolver.cpp, line 767]
Event: 20.243 Thread 0x000002542d8f6000 Exception <a 'java/lang/NoSuchMethodError'{0x00000000c5cdfc50}: 'void java.lang.invoke.DirectMethodHandle$Holder.invokeStaticInit(java.lang.Object, java.lang.Object)'> (0x00000000c5cdfc50) 
thrown [t:/workspace/open/src/hotspot/share/interpreter/linkResolver.cpp, line 767]
Event: 20.245 Thread 0x000002542d8f6000 Exception <a 'java/lang/NoSuchMethodError'{0x00000000c5ce5168}: 'int java.lang.invoke.DirectMethodHandle$Holder.invokeStaticInit(java.lang.Object, java.lang.Object)'> (0x00000000c5ce5168) 
thrown [t:/workspace/open/src/hotspot/share/interpreter/linkResolver.cpp, line 767]
Event: 27.648 Thread 0x000002542d8f6000 Exception <a 'java/lang/NoSuchMethodError'{0x00000000c5985f50}: 'java.lang.Object java.lang.invoke.DirectMethodHandle$Holder.invokeStaticInit(java.lang.Object, java.lang.Object, int, int, int, int)'> (0x00000000c5985f50) 
thrown [t:/workspace/open/src/hotspot/share/interpreter/linkResolver.cpp, line 767]
Event: 28.482 Thread 0x000002542d8f6000 Exception <a 'java/lang/NullPointerException'{0x00000000c55b4680}> (0x00000000c55b4680) 
thrown [t:/workspace/open/src/hotspot/share/interpreter/linkResolver.cpp, line 1431]
Event: 300.547 Thread 0x000002542d8f6000 Exception <a 'java/lang/NoSuchMethodError'{0x00000000c55c70e0}: 'void java.lang.invoke.DirectMethodHandle$Holder.invokeVirtual(java.lang.Object, java.lang.Object)'> (0x00000000c55c70e0) 
thrown [t:/workspace/open/src/hotspot/share/interpreter/linkResolver.cpp, line 767]

Events (20 events):
Event: 28.368 loading class java/util/Collections$UnmodifiableMap$UnmodifiableEntrySet$UnmodifiableEntry done
Event: 28.451 loading class modelo/Platillo
Event: 28.451 loading class modelo/Platillo done
Event: 28.476 loading class java/util/concurrent/atomic/AtomicReferenceFieldUpdater
Event: 28.477 loading class java/util/concurrent/atomic/AtomicReferenceFieldUpdater done
Event: 28.477 loading class java/util/concurrent/atomic/AtomicReferenceFieldUpdater$AtomicReferenceFieldUpdaterImpl
Event: 28.478 loading class java/util/concurrent/atomic/AtomicReferenceFieldUpdater$AtomicReferenceFieldUpdaterImpl done
Event: 28.478 loading class java/util/concurrent/atomic/AtomicReferenceFieldUpdater$AtomicReferenceFieldUpdaterImpl$1
Event: 28.478 loading class java/util/concurrent/atomic/AtomicReferenceFieldUpdater$AtomicReferenceFieldUpdaterImpl$1 done
Event: 28.482 loading class java/lang/Throwable$WrappedPrintStream
Event: 28.482 loading class java/lang/Throwable$WrappedPrintStream done
Event: 28.492 loading class java/awt/Event
Event: 28.493 loading class java/awt/Event done
Event: 300.546 loading class java/util/WeakHashMap$KeyIterator
Event: 300.546 loading class java/util/WeakHashMap$HashIterator
Event: 300.547 loading class java/util/WeakHashMap$HashIterator done
Event: 300.547 loading class java/util/WeakHashMap$KeyIterator done
Event: 300.693 Executing VM operation: G1CollectForAllocation
Event: 301.596 Executing VM operation: G1CollectForAllocation done
Event: 301.610 Executing VM operation: G1Concurrent


Dynamic libraries:
0x00007ff73db40000 - 0x00007ff73db4f000 	C:\Program Files\Java\jdk-13.0.2\bin\javaw.exe
0x00007ffa54a30000 - 0x00007ffa54c26000 	C:\WINDOWS\SYSTEM32\ntdll.dll
0x00007ffa53ad0000 - 0x00007ffa53b8d000 	C:\WINDOWS\System32\KERNEL32.DLL
0x00007ffa52600000 - 0x00007ffa528c9000 	C:\WINDOWS\System32\KERNELBASE.dll
0x00007ffa4fb60000 - 0x00007ffa4fbf0000 	C:\WINDOWS\SYSTEM32\apphelp.dll
0x00007ffa0b540000 - 0x00007ffa0b5a0000 	C:\WINDOWS\SYSTEM32\AcGenral.DLL
0x00007ffa54280000 - 0x00007ffa5431e000 	C:\WINDOWS\System32\msvcrt.dll
0x00007ffa52cc0000 - 0x00007ffa52d5c000 	C:\WINDOWS\System32\sechost.dll
0x00007ffa53e80000 - 0x00007ffa53fab000 	C:\WINDOWS\System32\RPCRT4.dll
0x00007ffa54990000 - 0x00007ffa549e5000 	C:\WINDOWS\System32\SHLWAPI.dll
0x00007ffa52b20000 - 0x00007ffa52cc0000 	C:\WINDOWS\System32\USER32.dll
0x00007ffa52220000 - 0x00007ffa52242000 	C:\WINDOWS\System32\win32u.dll
0x00007ffa53de0000 - 0x00007ffa53e0a000 	C:\WINDOWS\System32\GDI32.dll
0x00007ffa52950000 - 0x00007ffa52a5b000 	C:\WINDOWS\System32\gdi32full.dll
0x00007ffa52410000 - 0x00007ffa524ad000 	C:\WINDOWS\System32\msvcp_win.dll
0x00007ffa52500000 - 0x00007ffa52600000 	C:\WINDOWS\System32\ucrtbase.dll
0x00007ffa539a0000 - 0x00007ffa53aca000 	C:\WINDOWS\System32\ole32.dll
0x00007ffa52de0000 - 0x00007ffa53136000 	C:\WINDOWS\System32\combase.dll
0x00007ffa53140000 - 0x00007ffa53883000 	C:\WINDOWS\System32\SHELL32.dll
0x00007ffa53890000 - 0x00007ffa5393c000 	C:\WINDOWS\System32\ADVAPI32.dll
0x00007ffa52060000 - 0x00007ffa5208e000 	C:\WINDOWS\SYSTEM32\USERENV.dll
0x00007ffa47170000 - 0x00007ffa4718d000 	C:\WINDOWS\SYSTEM32\MPR.dll
0x00007ffa52020000 - 0x00007ffa5205c000 	C:\WINDOWS\SYSTEM32\SspiCli.dll
0x00007ffa548a0000 - 0x00007ffa548d0000 	C:\WINDOWS\System32\IMM32.DLL
0x00007ffa20930000 - 0x00007ffa20945000 	C:\Program Files\Java\jdk-13.0.2\bin\VCRUNTIME140.dll
0x00007ffa407f0000 - 0x00007ffa40808000 	C:\Program Files\Java\jdk-13.0.2\bin\jli.dll
0x00007ffa483f0000 - 0x00007ffa483fa000 	C:\WINDOWS\SYSTEM32\VERSION.dll
0x00007ffa20120000 - 0x00007ffa203bb000 	C:\WINDOWS\WinSxS\amd64_microsoft.windows.common-controls_6595b64144ccf1df_6.0.19041.746_none_ca02b4b61b8320a4\COMCTL32.dll
0x00007ffa06870000 - 0x00007ffa0690b000 	C:\Program Files\Java\jdk-13.0.2\bin\msvcp140.dll
0x00007ff9fd3b0000 - 0x00007ff9fdf0d000 	C:\Program Files\Java\jdk-13.0.2\bin\server\jvm.dll
0x00007ffa53c40000 - 0x00007ffa53c48000 	C:\WINDOWS\System32\PSAPI.DLL
0x00007ffa46b10000 - 0x00007ffa46b37000 	C:\WINDOWS\SYSTEM32\WINMM.dll
0x00007ffa4f270000 - 0x00007ffa4f279000 	C:\WINDOWS\SYSTEM32\WSOCK32.dll
0x00007ffa53e10000 - 0x00007ffa53e7b000 	C:\WINDOWS\System32\WS2_32.dll
0x00007ffa500d0000 - 0x00007ffa500e2000 	C:\WINDOWS\SYSTEM32\kernel.appcore.dll
0x00007ffa4f6b0000 - 0x00007ffa4f6c0000 	C:\Program Files\Java\jdk-13.0.2\bin\verify.dll
0x00007ffa4b910000 - 0x00007ffa4baf4000 	C:\WINDOWS\SYSTEM32\DBGHELP.DLL
0x00007ffa4b8e0000 - 0x00007ffa4b90c000 	C:\WINDOWS\SYSTEM32\dbgcore.DLL
0x00007ffa528d0000 - 0x00007ffa52950000 	C:\WINDOWS\System32\bcryptPrimitives.dll
0x00007ffa4d210000 - 0x00007ffa4d236000 	C:\Program Files\Java\jdk-13.0.2\bin\java.dll
0x00007ffa4ea90000 - 0x00007ffa4eaa7000 	C:\Program Files\Java\jdk-13.0.2\bin\zip.dll
0x00007ffa4d200000 - 0x00007ffa4d20a000 	C:\Program Files\Java\jdk-13.0.2\bin\jimage.dll
0x00007ffa502d0000 - 0x00007ffa50a5f000 	C:\WINDOWS\SYSTEM32\windows.storage.dll
0x00007ffa51b60000 - 0x00007ffa51b8c000 	C:\WINDOWS\SYSTEM32\Wldp.dll
0x00007ffa53d30000 - 0x00007ffa53dde000 	C:\WINDOWS\System32\SHCORE.dll
0x00007ffa520a0000 - 0x00007ffa520c6000 	C:\WINDOWS\SYSTEM32\profapi.dll
0x00007ffa49df0000 - 0x00007ffa49e09000 	C:\Program Files\Java\jdk-13.0.2\bin\net.dll
0x00007ffa46520000 - 0x00007ffa46620000 	C:\WINDOWS\SYSTEM32\WINHTTP.dll
0x00007ffa51880000 - 0x00007ffa518ea000 	C:\WINDOWS\system32\mswsock.dll
0x00007ffa49880000 - 0x00007ffa49893000 	C:\Program Files\Java\jdk-13.0.2\bin\nio.dll
0x00007ffa0b6e0000 - 0x00007ffa0b879000 	C:\Program Files\Java\jdk-13.0.2\bin\awt.dll
0x00007ffa53c60000 - 0x00007ffa53d2d000 	C:\WINDOWS\System32\OLEAUT32.dll
0x00007ffa4fd00000 - 0x00007ffa4fd9e000 	C:\WINDOWS\system32\uxtheme.dll
0x00007ffa54160000 - 0x00007ffa54276000 	C:\WINDOWS\System32\MSCTF.dll
0x00007ffa4ffc0000 - 0x00007ffa4ffef000 	C:\WINDOWS\system32\DWMAPI.DLL
0x00007ffa0adb0000 - 0x00007ffa0aed5000 	C:\WINDOWS\system32\opengl32.dll
0x00007ffa20710000 - 0x00007ffa2073c000 	C:\WINDOWS\SYSTEM32\GLU32.dll
0x00007ffa0cd00000 - 0x00007ffa0cecf000 	C:\WINDOWS\system32\d3d9.dll
0x00007ffa458e0000 - 0x00007ffa45ab8000 	C:\WINDOWS\System32\DriverStore\FileRepository\c0357018.inf_amd64_f26a13271ebde80b\B354982\aticfx64.dll
0x00007ffa07430000 - 0x00007ffa07461000 	C:\WINDOWS\System32\DriverStore\FileRepository\c0357018.inf_amd64_f26a13271ebde80b\B354982\atiu9p64.dll
0x00007ff9f3f60000 - 0x00007ff9f4bca000 	C:\WINDOWS\System32\DriverStore\FileRepository\c0357018.inf_amd64_f26a13271ebde80b\B354982\atiumd64.dll
0x0000000054420000 - 0x00000000551c5000 	C:\WINDOWS\System32\DriverStore\FileRepository\c0357018.inf_amd64_f26a13271ebde80b\B354982\atiumd6a.dll
0x00007ffa51f20000 - 0x00007ffa51f6b000 	C:\WINDOWS\SYSTEM32\POWRPROF.dll
0x00007ffa51f00000 - 0x00007ffa51f12000 	C:\WINDOWS\SYSTEM32\UMPDC.dll
0x00007ffa4f6c0000 - 0x00007ffa4f6ee000 	C:\WINDOWS\SYSTEM32\amdihk64.dll
0x00007ffa4ebb0000 - 0x00007ffa4ebeb000 	C:\WINDOWS\SYSTEM32\dxcore.dll
0x00007ffa524b0000 - 0x00007ffa524fe000 	C:\WINDOWS\System32\cfgmgr32.dll
0x00007ffa484a0000 - 0x00007ffa484cd000 	C:\Program Files\Java\jdk-13.0.2\bin\javajpeg.dll
0x00007ffa0b650000 - 0x00007ffa0b6d2000 	C:\Program Files\Java\jdk-13.0.2\bin\freetype.dll
0x00007ffa0b5a0000 - 0x00007ffa0b646000 	C:\Program Files\Java\jdk-13.0.2\bin\fontmanager.dll
0x00007ffa486f0000 - 0x00007ffa487eb000 	C:\WINDOWS\SYSTEM32\textinputframework.dll
0x00007ffa4f7b0000 - 0x00007ffa4fb0e000 	C:\WINDOWS\System32\CoreUIComponents.dll
0x00007ffa50eb0000 - 0x00007ffa50ee3000 	C:\WINDOWS\SYSTEM32\ntmarta.dll
0x00007ffa4e120000 - 0x00007ffa4e274000 	C:\WINDOWS\SYSTEM32\wintypes.dll
0x00007ffa4f5b0000 - 0x00007ffa4f6a2000 	C:\WINDOWS\System32\CoreMessaging.dll
0x00007ffa515b0000 - 0x00007ffa5167b000 	C:\WINDOWS\SYSTEM32\DNSAPI.dll
0x00007ffa51570000 - 0x00007ffa515ab000 	C:\WINDOWS\SYSTEM32\IPHLPAPI.DLL
0x00007ffa54320000 - 0x00007ffa54328000 	C:\WINDOWS\System32\NSI.dll
0x00007ffa47160000 - 0x00007ffa4716a000 	C:\Windows\System32\rasadhlp.dll
0x00007ffa46d50000 - 0x00007ffa46dcf000 	C:\WINDOWS\System32\fwpuclnt.dll
0x00007ffa52a60000 - 0x00007ffa52a87000 	C:\WINDOWS\System32\bcrypt.dll
0x00007ffa4cb00000 - 0x00007ffa4cb0e000 	C:\Program Files\Java\jdk-13.0.2\bin\sunmscapi.dll
0x00007ffa52250000 - 0x00007ffa523a6000 	C:\WINDOWS\System32\CRYPT32.dll
0x00007ffa51bd0000 - 0x00007ffa51bf7000 	C:\WINDOWS\SYSTEM32\ncrypt.dll
0x00007ffa51b90000 - 0x00007ffa51bcb000 	C:\WINDOWS\SYSTEM32\NTASN1.dll
0x00007ffa41dd0000 - 0x00007ffa41df5000 	C:\Program Files\Java\jdk-13.0.2\bin\sunec.dll
0x00007ffa51a50000 - 0x00007ffa51a68000 	C:\WINDOWS\SYSTEM32\CRYPTSP.dll
0x00007ffa51220000 - 0x00007ffa51254000 	C:\WINDOWS\system32\rsaenh.dll
0x00007ffa51a70000 - 0x00007ffa51a7c000 	C:\WINDOWS\SYSTEM32\CRYPTBASE.dll
0x00007ffa49ef0000 - 0x00007ffa49f07000 	C:\WINDOWS\SYSTEM32\dhcpcsvc6.DLL
0x00007ffa4c290000 - 0x00007ffa4c2ad000 	C:\WINDOWS\SYSTEM32\dhcpcsvc.DLL
0x00007ffa3c890000 - 0x00007ffa3c93c000 	C:\WINDOWS\SYSTEM32\TextShaping.dll

dbghelp: loaded successfully - version: 4.0.5 - missing functions: none
symbol engine: initialized successfully - sym options: 0x614 - pdb path: .;C:\Program Files\Java\jdk-13.0.2\bin;C:\WINDOWS\SYSTEM32;C:\WINDOWS\WinSxS\amd64_microsoft.windows.common-controls_6595b64144ccf1df_6.0.19041.746_none_ca02b4b61b8320a4;C:\Program Files\Java\jdk-13.0.2\bin\server;C:\WINDOWS\System32\DriverStore\FileRepository\c0357018.inf_amd64_f26a13271ebde80b\B354982

VM Arguments:
jvm_args: -Dfile.encoding=Cp1252 --module-path=C:\temporal\App Cafeteria\librerias\mysql-connector-java-5.1.48.jar;C:\temporal\App Cafeteria\librerias\libreriaSalidas.jar;C:\temporal\App Cafeteria\librerias\Utileria.jar;C:\temporal\App Cafeteria\librerias\jcalendar-1.2.2.jar 
java_command: vista.VentanaPrueba
java_class_path (initial): C:\temporal\App Cafeteria\bin
Launcher Type: SUN_STANDARD

[Global flags]
     intx CICompilerCount                          = 2                                         {product} {ergonomic}
     uint ConcGCThreads                            = 1                                         {product} {ergonomic}
     uint G1ConcRefinementThreads                  = 2                                         {product} {ergonomic}
   size_t G1HeapRegionSize                         = 1048576                                   {product} {ergonomic}
    uintx GCDrainStackTargetSize                   = 64                                        {product} {ergonomic}
   size_t InitialHeapSize                          = 67108864                                  {product} {ergonomic}
   size_t MarkStackSize                            = 4194304                                   {product} {ergonomic}
   size_t MaxHeapSize                              = 1044381696                                {product} {ergonomic}
   size_t MaxNewSize                               = 625999872                                 {product} {ergonomic}
   size_t MinHeapDeltaBytes                        = 1048576                                   {product} {ergonomic}
   size_t MinHeapSize                              = 8388608                                   {product} {ergonomic}
    uintx NonNMethodCodeHeapSize                   = 5826188                                {pd product} {ergonomic}
    uintx NonProfiledCodeHeapSize                  = 122916026                              {pd product} {ergonomic}
    uintx ProfiledCodeHeapSize                     = 122916026                              {pd product} {ergonomic}
    uintx ReservedCodeCacheSize                    = 251658240                              {pd product} {ergonomic}
     bool SegmentedCodeCache                       = true                                      {product} {ergonomic}
   size_t SoftMaxHeapSize                          = 1044381696                             {manageable} {ergonomic}
     bool UseCompressedClassPointers               = true                                 {lp64_product} {ergonomic}
     bool UseCompressedOops                        = true                                 {lp64_product} {ergonomic}
     bool UseG1GC                                  = true                                      {product} {ergonomic}
     bool UseLargePagesIndividualAllocation        = false                                  {pd product} {ergonomic}

Logging:
Log output configuration:
 #0: stdout all=warning uptime,level,tags
 #1: stderr all=off uptime,level,tags

Environment Variables:
PATH=C:/Program Files/Java/jdk-13.0.2/bin/server;C:/Program Files/Java/jdk-13.0.2/bin;C:\app\Grudges\product\18.0.0\dbhomeXE\bin;C:\Program Files (x86)\Common Files\Oracle\Java\javapath;C:\Windows\system32;C:\Windows;C:\Windows\System32\Wbem;C:\Windows\System32\WindowsPowerShell\v1.0\;C:\Windows\System32\OpenSSH\;C:\Users\Grudges\AppData\Local\Microsoft\WindowsApps;C:\adb;C:\WINDOWS\system32;C:\WINDOWS;C:\WINDOWS\System32\Wbem;C:\WINDOWS\System32\WindowsPowerShell\v1.0\;C:\WINDOWS\System32\OpenSSH\;C:\Program Files\Microsoft SQL Server\Client SDK\ODBC\170\Tools\Binn\;C:\Program Files (x86)\Microsoft SQL Server\150\Tools\Binn\;C:\Program Files\Microsoft SQL Server\150\Tools\Binn\;C:\Program Files\Microsoft SQL Server\150\DTS\Binn\;C:\Program Files (x86)\Microsoft SQL Server\150\DTS\Binn\;C:\Users\Grudges\AppData\Local\Microsoft\WindowsApps;;C:\WINDOWS\System32;
USERNAME=Grudges
OS=Windows_NT
PROCESSOR_IDENTIFIER=AMD64 Family 21 Model 112 Stepping 0, AuthenticAMD



---------------  S Y S T E M  ---------------

OS: Windows 10 , 64 bit Build 19041 (10.0.19041.662)

CPU:total 2 (initial active 2) (2 cores per cpu, 1 threads per core) family 21 model 112 stepping 0, cmov, cx8, fxsr, mmx, sse, sse2, sse3, ssse3, sse4.1, sse4.2, popcnt, avx, avx2, aes, clmul, mmxext, 3dnowpref, lzcnt, sse4a, tsc, tscinvbit, tscinv, bmi1, bmi2, fma

Memory: 4k page, system-wide physical 3981M (348M free)
TotalPageFile size 13173M (AvailPageFile size 114M)
current process WorkingSet (physical memory assigned to process): 202M, peak: 203M
current process commit charge ("private bytes"): 233M, peak: 240M

vm_info: Java HotSpot(TM) 64-Bit Server VM (13.0.2+8) for windows-amd64 JRE (13.0.2+8), built on Dec 11 2019 09:20:33 by "mach5one" with unknown MS VC++:1916

END.
